#
# There is insufficient memory for the Java Runtime Environment to continue.
# Native memory allocation (malloc) failed to allocate 230896 bytes for Chunk::new
# Possible reasons:
#   The system is out of physical RAM or swap space
#   The process is running with CompressedOops enabled, and the Java Heap may be blocking the growth of the native heap
# Possible solutions:
#   Reduce memory load on the system
#   Increase physical memory or swap space
#   Check if swap backing store is full
#   Decrease Java heap size (-Xmx/-Xms)
#   Decrease number of Java threads
#   Decrease Java thread stack sizes (-Xss)
#   Set larger code cache with -XX:ReservedCodeCacheSize=
#   JVM is running with Unscaled Compressed Oops mode in which the Java heap is
#     placed in the first 4GB address space. The Java Heap base address is the
#     maximum limit for the native heap growth. Please use -XX:HeapBaseMinAddress
#     to set the Java Heap base and to place the Java Heap above 4GB virtual address.
# This output file may be truncated or incomplete.
#
#  Out of Memory Error (arena.cpp:184), pid=2644, tid=11664
#
# JRE version: Java(TM) SE Runtime Environment (18.0.2.1+1) (build 18.0.2.1+1-1)
# Java VM: Java HotSpot(TM) 64-Bit Server VM (18.0.2.1+1-1, mixed mode, sharing, tiered, compressed oops, compressed class ptrs, g1 gc, windows-amd64)
# No core dump will be written. Minidumps are not enabled by default on client versions of Windows
#

---------------  S U M M A R Y ------------

Command Line: -DwatchParentProcess=false -XX:+ExitOnOutOfMemoryError -XX:+HeapDumpOnOutOfMemoryError -XX:HeapDumpPath=c:\Users\student.APROTRAIN-APTEC\AppData\Roaming\Code\User\globalStorage\redhat.vscode-xml -Xmx64M org.eclipse.lemminx.XMLServerLauncher

Host: Intel(R) Core(TM) i3-8100 CPU @ 3.60GHz, 4 cores, 7G,  Windows 10 , 64 bit Build 19041 (10.0.19041.5678)
Time: Thu Apr 16 11:27:38 2026 SE Asia Standard Time elapsed time: 2.115817 seconds (0d 0h 0m 2s)

---------------  T H R E A D  ---------------

Current thread (0x000001fac2d39300):  JavaThread "C2 CompilerThread0" daemon [_thread_in_native, id=11664, stack(0x0000000479a00000,0x0000000479b00000)]


Current CompileTask:
C2:   2115 1064   !   4       java.util.concurrent.ConcurrentHashMap::putVal (432 bytes)

Stack: [0x0000000479a00000,0x0000000479b00000]
Native frames: (J=compiled Java code, j=interpreted, Vv=VM code, C=native code)
V  [jvm.dll+0x6993aa]
V  [jvm.dll+0x7f46dd]
V  [jvm.dll+0x7f5fee]
V  [jvm.dll+0x7f66a3]
V  [jvm.dll+0x25cf1f]
V  [jvm.dll+0xb8c2f]
V  [jvm.dll+0xb8fa5]
V  [jvm.dll+0x386091]
V  [jvm.dll+0x34fe71]
V  [jvm.dll+0x34f30a]
V  [jvm.dll+0x230101]
V  [jvm.dll+0x22f4d1]
V  [jvm.dll+0x1ba01c]
V  [jvm.dll+0x23ee0a]
V  [jvm.dll+0x23d0f5]
V  [jvm.dll+0x7a6dd1]
V  [jvm.dll+0x7a120a]
V  [jvm.dll+0x698255]
C  [ucrtbase.dll+0x21bb2]
C  [KERNEL32.DLL+0x17374]
C  [ntdll.dll+0x4cc91]


---------------  P R O C E S S  ---------------

Threads class SMR info:
_java_thread_list=0x000001fac72e9ba0, length=13, elements={
0x000001faa9e7ca00, 0x000001faa9e7e670, 0x000001fac2d36950, 0x000001fac2d372f0,
0x000001fac2d37c90, 0x000001fac2d38630, 0x000001fac2d39300, 0x000001fac2d3c490,
0x000001fac2dabed0, 0x000001fac2e00740, 0x000001fac2e0a2b0, 0x000001fac72d4d30,
0x000001faa9dc9b30
}

Java Threads: ( => current thread )
  0x000001faa9e7ca00 JavaThread "Reference Handler" daemon [_thread_blocked, id=1148, stack(0x0000000479400000,0x0000000479500000)]
  0x000001faa9e7e670 JavaThread "Finalizer" daemon [_thread_blocked, id=14080, stack(0x0000000479500000,0x0000000479600000)]
  0x000001fac2d36950 JavaThread "Signal Dispatcher" daemon [_thread_blocked, id=2108, stack(0x0000000479600000,0x0000000479700000)]
  0x000001fac2d372f0 JavaThread "Attach Listener" daemon [_thread_blocked, id=10364, stack(0x0000000479700000,0x0000000479800000)]
  0x000001fac2d37c90 JavaThread "Service Thread" daemon [_thread_blocked, id=14208, stack(0x0000000479800000,0x0000000479900000)]
  0x000001fac2d38630 JavaThread "Monitor Deflation Thread" daemon [_thread_blocked, id=14084, stack(0x0000000479900000,0x0000000479a00000)]
=>0x000001fac2d39300 JavaThread "C2 CompilerThread0" daemon [_thread_in_native, id=11664, stack(0x0000000479a00000,0x0000000479b00000)]
  0x000001fac2d3c490 JavaThread "C1 CompilerThread0" daemon [_thread_in_vm, id=9532, stack(0x0000000479b00000,0x0000000479c00000)]
  0x000001fac2dabed0 JavaThread "Sweeper thread" daemon [_thread_blocked, id=10356, stack(0x0000000479c00000,0x0000000479d00000)]
  0x000001fac2e00740 JavaThread "Notification Thread" daemon [_thread_blocked, id=8028, stack(0x0000000479d00000,0x0000000479e00000)]
  0x000001fac2e0a2b0 JavaThread "Common-Cleaner" daemon [_thread_blocked, id=13512, stack(0x0000000479f00000,0x000000047a000000)]
  0x000001fac72d4d30 JavaThread "pool-4-thread-1" [_thread_in_vm, id=2340, stack(0x000000047a000000,0x000000047a100000)]
  0x000001faa9dc9b30 JavaThread "DestroyJavaVM" [_thread_blocked, id=3220, stack(0x0000000478d00000,0x0000000478e00000)]

Other Threads:
  0x000001faa9e7b280 VMThread "VM Thread" [stack: 0x0000000479300000,0x0000000479400000] [id=8904]
  0x000001fac2e08030 WatcherThread "VM Periodic Task Thread" [stack: 0x0000000479e00000,0x0000000479f00000] [id=14236]
  0x000001faa9ded7d0 WorkerThread "GC Thread#0" [stack: 0x0000000478e00000,0x0000000478f00000] [id=5548]
  0x000001fac733b130 WorkerThread "GC Thread#1" [stack: 0x000000047a100000,0x000000047a200000] [id=4864]
  0x000001fac733b3d0 WorkerThread "GC Thread#2" [stack: 0x000000047a200000,0x000000047a300000] [id=4964]
  0x000001fac733b670 WorkerThread "GC Thread#3" [stack: 0x000000047a300000,0x000000047a400000] [id=11368]
  0x000001faa9deef00 ConcurrentGCThread "G1 Main Marker" [stack: 0x0000000478f00000,0x0000000479000000] [id=11564]
  0x000001faa9def8f0 WorkerThread "G1 Conc#0" [stack: 0x0000000479000000,0x0000000479100000] [id=8864]
  0x000001faa9e183d0 ConcurrentGCThread "G1 Refine#0" [stack: 0x0000000479100000,0x0000000479200000] [id=3456]
  0x000001faa9e18ce0 ConcurrentGCThread "G1 Service" [stack: 0x0000000479200000,0x0000000479300000] [id=12812]

Threads with active compile tasks:
C2 CompilerThread0     2137 1064   !   4       java.util.concurrent.ConcurrentHashMap::putVal (432 bytes)
C1 CompilerThread0     2137 1072       3       sun.invoke.util.BytecodeDescriptor::unparse (24 bytes)

VM state: not at safepoint (normal execution)

VM Mutex/Monitor currently owned by a thread:  ([mutex/lock_event])
[0x000001faa9dc3e70] Metaspace_lock - owner thread: 0x000001fac72d4d30
[0x000001faa9dc65c0] MethodData_lock - owner thread: 0x000001fac2d3c490

Heap address: 0x00000000fc000000, size: 64 MB, Compressed Oops mode: 32-bit

CDS archive(s) mapped at: [0x0000000800000000-0x0000000800ba0000-0x0000000800ba0000), size 12189696, SharedBaseAddress: 0x0000000800000000, ArchiveRelocationMode: 0.
Compressed class space mapped at: 0x0000000800c00000-0x0000000840c00000, reserved size: 1073741824
Narrow klass base: 0x0000000800000000, Narrow klass shift: 0, Narrow klass range: 0x100000000

GC Precious Log:
 CardTable entry size: 512
 Card Set container configuration: InlinePtr #cards 5 size 8 Array Of Cards #cards 12 size 40 Howl #buckets 4 coarsen threshold 1843 Howl Bitmap #cards 512 size 80 coarsen threshold 460 Card regions per heap region 1 cards per card region 2048
 CPUs: 4 total, 4 available
 Memory: 8062M
 Large Page Support: Disabled
 NUMA Support: Disabled
 Compressed Oops: Enabled (32-bit)
 Heap Region Size: 1M
 Heap Min Capacity: 8M
 Heap Initial Capacity: 64M
 Heap Max Capacity: 64M
 Pre-touch: Disabled
 Parallel Workers: 4
 Concurrent Workers: 1
 Concurrent Refinement Workers: 4
 Periodic GC: Disabled

Heap:
 garbage-first heap   total 65536K, used 5208K [0x00000000fc000000, 0x0000000100000000)
  region size 1024K, 5 young (5120K), 2 survivors (2048K)
 Metaspace       used 5413K, committed 5568K, reserved 1114112K
  class space    used 628K, committed 704K, reserved 1048576K

Heap Regions: E=young(eden), S=young(survivor), O=old, HS=humongous(starts), HC=humongous(continues), CS=collection set, F=free, OA=open archive, CA=closed archive, TAMS=top-at-mark-start (previous, next)
|   0|0x00000000fc000000, 0x00000000fc100000, 0x00000000fc100000|100%|HS|  |TAMS 0x00000000fc000000, 0x00000000fc000000| Complete 
|   1|0x00000000fc100000, 0x00000000fc116200, 0x00000000fc200000|  8%| O|  |TAMS 0x00000000fc100000, 0x00000000fc100000| Untracked 
|   2|0x00000000fc200000, 0x00000000fc200000, 0x00000000fc300000|  0%| F|  |TAMS 0x00000000fc200000, 0x00000000fc200000| Untracked 
|   3|0x00000000fc300000, 0x00000000fc300000, 0x00000000fc400000|  0%| F|  |TAMS 0x00000000fc300000, 0x00000000fc300000| Untracked 
|   4|0x00000000fc400000, 0x00000000fc400000, 0x00000000fc500000|  0%| F|  |TAMS 0x00000000fc400000, 0x00000000fc400000| Untracked 
|   5|0x00000000fc500000, 0x00000000fc500000, 0x00000000fc600000|  0%| F|  |TAMS 0x00000000fc500000, 0x00000000fc500000| Untracked 
|   6|0x00000000fc600000, 0x00000000fc600000, 0x00000000fc700000|  0%| F|  |TAMS 0x00000000fc600000, 0x00000000fc600000| Untracked 
|   7|0x00000000fc700000, 0x00000000fc700000, 0x00000000fc800000|  0%| F|  |TAMS 0x00000000fc700000, 0x00000000fc700000| Untracked 
|   8|0x00000000fc800000, 0x00000000fc800000, 0x00000000fc900000|  0%| F|  |TAMS 0x00000000fc800000, 0x00000000fc800000| Untracked 
|   9|0x00000000fc900000, 0x00000000fc900000, 0x00000000fca00000|  0%| F|  |TAMS 0x00000000fc900000, 0x00000000fc900000| Untracked 
|  10|0x00000000fca00000, 0x00000000fca00000, 0x00000000fcb00000|  0%| F|  |TAMS 0x00000000fca00000, 0x00000000fca00000| Untracked 
|  11|0x00000000fcb00000, 0x00000000fcb00000, 0x00000000fcc00000|  0%| F|  |TAMS 0x00000000fcb00000, 0x00000000fcb00000| Untracked 
|  12|0x00000000fcc00000, 0x00000000fcc00000, 0x00000000fcd00000|  0%| F|  |TAMS 0x00000000fcc00000, 0x00000000fcc00000| Untracked 
|  13|0x00000000fcd00000, 0x00000000fcd00000, 0x00000000fce00000|  0%| F|  |TAMS 0x00000000fcd00000, 0x00000000fcd00000| Untracked 
|  14|0x00000000fce00000, 0x00000000fce00000, 0x00000000fcf00000|  0%| F|  |TAMS 0x00000000fce00000, 0x00000000fce00000| Untracked 
|  15|0x00000000fcf00000, 0x00000000fcf00000, 0x00000000fd000000|  0%| F|  |TAMS 0x00000000fcf00000, 0x00000000fcf00000| Untracked 
|  16|0x00000000fd000000, 0x00000000fd000000, 0x00000000fd100000|  0%| F|  |TAMS 0x00000000fd000000, 0x00000000fd000000| Untracked 
|  17|0x00000000fd100000, 0x00000000fd100000, 0x00000000fd200000|  0%| F|  |TAMS 0x00000000fd100000, 0x00000000fd100000| Untracked 
|  18|0x00000000fd200000, 0x00000000fd200000, 0x00000000fd300000|  0%| F|  |TAMS 0x00000000fd200000, 0x00000000fd200000| Untracked 
|  19|0x00000000fd300000, 0x00000000fd300000, 0x00000000fd400000|  0%| F|  |TAMS 0x00000000fd300000, 0x00000000fd300000| Untracked 
|  20|0x00000000fd400000, 0x00000000fd400000, 0x00000000fd500000|  0%| F|  |TAMS 0x00000000fd400000, 0x00000000fd400000| Untracked 
|  21|0x00000000fd500000, 0x00000000fd500000, 0x00000000fd600000|  0%| F|  |TAMS 0x00000000fd500000, 0x00000000fd500000| Untracked 
|  22|0x00000000fd600000, 0x00000000fd600000, 0x00000000fd700000|  0%| F|  |TAMS 0x00000000fd600000, 0x00000000fd600000| Untracked 
|  23|0x00000000fd700000, 0x00000000fd700000, 0x00000000fd800000|  0%| F|  |TAMS 0x00000000fd700000, 0x00000000fd700000| Untracked 
|  24|0x00000000fd800000, 0x00000000fd800000, 0x00000000fd900000|  0%| F|  |TAMS 0x00000000fd800000, 0x00000000fd800000| Untracked 
|  25|0x00000000fd900000, 0x00000000fd900000, 0x00000000fda00000|  0%| F|  |TAMS 0x00000000fd900000, 0x00000000fd900000| Untracked 
|  26|0x00000000fda00000, 0x00000000fda00000, 0x00000000fdb00000|  0%| F|  |TAMS 0x00000000fda00000, 0x00000000fda00000| Untracked 
|  27|0x00000000fdb00000, 0x00000000fdb00000, 0x00000000fdc00000|  0%| F|  |TAMS 0x00000000fdb00000, 0x00000000fdb00000| Untracked 
|  28|0x00000000fdc00000, 0x00000000fdc00000, 0x00000000fdd00000|  0%| F|  |TAMS 0x00000000fdc00000, 0x00000000fdc00000| Untracked 
|  29|0x00000000fdd00000, 0x00000000fdd00000, 0x00000000fde00000|  0%| F|  |TAMS 0x00000000fdd00000, 0x00000000fdd00000| Untracked 
|  30|0x00000000fde00000, 0x00000000fde00000, 0x00000000fdf00000|  0%| F|  |TAMS 0x00000000fde00000, 0x00000000fde00000| Untracked 
|  31|0x00000000fdf00000, 0x00000000fdf00000, 0x00000000fe000000|  0%| F|  |TAMS 0x00000000fdf00000, 0x00000000fdf00000| Untracked 
|  32|0x00000000fe000000, 0x00000000fe000000, 0x00000000fe100000|  0%| F|  |TAMS 0x00000000fe000000, 0x00000000fe000000| Untracked 
|  33|0x00000000fe100000, 0x00000000fe100000, 0x00000000fe200000|  0%| F|  |TAMS 0x00000000fe100000, 0x00000000fe100000| Untracked 
|  34|0x00000000fe200000, 0x00000000fe200000, 0x00000000fe300000|  0%| F|  |TAMS 0x00000000fe200000, 0x00000000fe200000| Untracked 
|  35|0x00000000fe300000, 0x00000000fe300000, 0x00000000fe400000|  0%| F|  |TAMS 0x00000000fe300000, 0x00000000fe300000| Untracked 
|  36|0x00000000fe400000, 0x00000000fe400000, 0x00000000fe500000|  0%| F|  |TAMS 0x00000000fe400000, 0x00000000fe400000| Untracked 
|  37|0x00000000fe500000, 0x00000000fe500000, 0x00000000fe600000|  0%| F|  |TAMS 0x00000000fe500000, 0x00000000fe500000| Untracked 
|  38|0x00000000fe600000, 0x00000000fe600000, 0x00000000fe700000|  0%| F|  |TAMS 0x00000000fe600000, 0x00000000fe600000| Untracked 
|  39|0x00000000fe700000, 0x00000000fe700000, 0x00000000fe800000|  0%| F|  |TAMS 0x00000000fe700000, 0x00000000fe700000| Untracked 
|  40|0x00000000fe800000, 0x00000000fe800000, 0x00000000fe900000|  0%| F|  |TAMS 0x00000000fe800000, 0x00000000fe800000| Untracked 
|  41|0x00000000fe900000, 0x00000000fe900000, 0x00000000fea00000|  0%| F|  |TAMS 0x00000000fe900000, 0x00000000fe900000| Untracked 
|  42|0x00000000fea00000, 0x00000000fea00000, 0x00000000feb00000|  0%| F|  |TAMS 0x00000000fea00000, 0x00000000fea00000| Untracked 
|  43|0x00000000feb00000, 0x00000000feb00000, 0x00000000fec00000|  0%| F|  |TAMS 0x00000000feb00000, 0x00000000feb00000| Untracked 
|  44|0x00000000fec00000, 0x00000000fec00000, 0x00000000fed00000|  0%| F|  |TAMS 0x00000000fec00000, 0x00000000fec00000| Untracked 
|  45|0x00000000fed00000, 0x00000000fed00000, 0x00000000fee00000|  0%| F|  |TAMS 0x00000000fed00000, 0x00000000fed00000| Untracked 
|  46|0x00000000fee00000, 0x00000000fee00000, 0x00000000fef00000|  0%| F|  |TAMS 0x00000000fee00000, 0x00000000fee00000| Untracked 
|  47|0x00000000fef00000, 0x00000000fef00000, 0x00000000ff000000|  0%| F|  |TAMS 0x00000000fef00000, 0x00000000fef00000| Untracked 
|  48|0x00000000ff000000, 0x00000000ff000000, 0x00000000ff100000|  0%| F|  |TAMS 0x00000000ff000000, 0x00000000ff000000| Untracked 
|  49|0x00000000ff100000, 0x00000000ff200000, 0x00000000ff200000|100%| S|CS|TAMS 0x00000000ff100000, 0x00000000ff100000| Complete 
|  50|0x00000000ff200000, 0x00000000ff300000, 0x00000000ff300000|100%| S|CS|TAMS 0x00000000ff200000, 0x00000000ff200000| Complete 
|  51|0x00000000ff300000, 0x00000000ff300000, 0x00000000ff400000|  0%| F|  |TAMS 0x00000000ff300000, 0x00000000ff300000| Untracked 
|  52|0x00000000ff400000, 0x00000000ff400000, 0x00000000ff500000|  0%| F|  |TAMS 0x00000000ff400000, 0x00000000ff400000| Untracked 
|  53|0x00000000ff500000, 0x00000000ff500000, 0x00000000ff600000|  0%| F|  |TAMS 0x00000000ff500000, 0x00000000ff500000| Untracked 
|  54|0x00000000ff600000, 0x00000000ff600000, 0x00000000ff700000|  0%| F|  |TAMS 0x00000000ff600000, 0x00000000ff600000| Untracked 
|  55|0x00000000ff700000, 0x00000000ff700000, 0x00000000ff800000|  0%| F|  |TAMS 0x00000000ff700000, 0x00000000ff700000| Untracked 
|  56|0x00000000ff800000, 0x00000000ff800000, 0x00000000ff900000|  0%| F|  |TAMS 0x00000000ff800000, 0x00000000ff800000| Untracked 
|  57|0x00000000ff900000, 0x00000000ff900000, 0x00000000ffa00000|  0%| F|  |TAMS 0x00000000ff900000, 0x00000000ff900000| Untracked 
|  58|0x00000000ffa00000, 0x00000000ffa00000, 0x00000000ffb00000|  0%| F|  |TAMS 0x00000000ffa00000, 0x00000000ffa00000| Untracked 
|  59|0x00000000ffb00000, 0x00000000ffb00000, 0x00000000ffc00000|  0%| F|  |TAMS 0x00000000ffb00000, 0x00000000ffb00000| Untracked 
|  60|0x00000000ffc00000, 0x00000000ffc00000, 0x00000000ffd00000|  0%| F|  |TAMS 0x00000000ffc00000, 0x00000000ffc00000| Untracked 
|  61|0x00000000ffd00000, 0x00000000ffd22b48, 0x00000000ffe00000| 13%| E|  |TAMS 0x00000000ffd00000, 0x00000000ffd00000| Complete 
|  62|0x00000000ffe00000, 0x00000000fff00000, 0x00000000fff00000|100%| E|CS|TAMS 0x00000000ffe00000, 0x00000000ffe00000| Complete 
|  63|0x00000000fff00000, 0x0000000100000000, 0x0000000100000000|100%| E|CS|TAMS 0x00000000fff00000, 0x00000000fff00000| Complete 

Card table byte_map: [0x000001faa9be0000,0x000001faa9c00000] _byte_map_base: 0x000001faa9400000

Marking Bits (Prev, Next): (CMBitMap*) 0x000001faa9deddd0, (CMBitMap*) 0x000001faa9dede10
 Prev Bits: [0x000001faa9c20000, 0x000001faa9d20000)
 Next Bits: [0x000001fac06f0000, 0x000001fac07f0000)

Polling page: 0x000001faa7db0000

Metaspace:

Usage:
  Non-class:      4.67 MB used.
      Class:    628.42 KB used.
       Both:      5.29 MB used.

Virtual space:
  Non-class space:       64.00 MB reserved,       4.75 MB (  7%) committed,  1 nodes.
      Class space:        1.00 GB reserved,     704.00 KB ( <1%) committed,  1 nodes.
             Both:        1.06 GB reserved,       5.44 MB ( <1%) committed. 

Chunk freelists:
   Non-Class:  1.60 MB
       Class:  3.32 MB
        Both:  4.92 MB

MaxMetaspaceSize: unlimited
CompressedClassSpaceSize: 1.00 GB
Initial GC threshold: 21.00 MB
Current GC threshold: 21.00 MB
CDS: on
MetaspaceReclaimPolicy: balanced
 - commit_granule_bytes: 65536.
 - commit_granule_words: 8192.
 - virtual_space_node_default_size: 8388608.
 - enlarge_chunks_in_place: 1.
 - new_chunks_are_fully_committed: 0.
 - uncommit_free_chunks: 1.
 - use_allocation_guard: 0.


Internal statistics:

num_allocs_failed_limit: 0.
num_arena_births: 98.
num_arena_deaths: 0.
num_vsnodes_births: 2.
num_vsnodes_deaths: 0.
num_space_committed: 87.
num_space_uncommitted: 0.
num_chunks_returned_to_freelist: 0.
num_chunks_taken_from_freelist: 243.
num_chunk_merges: 0.
num_chunk_splits: 158.
num_chunks_enlarged: 118.
num_inconsistent_stats: 0.

CodeHeap 'non-profiled nmethods': size=120000Kb used=258Kb max_used=258Kb free=119741Kb
 bounds [0x000001fab91c0000, 0x000001fab9430000, 0x000001fac06f0000]
CodeHeap 'profiled nmethods': size=120000Kb used=2038Kb max_used=2038Kb free=117961Kb
 bounds [0x000001fab1c90000, 0x000001fab1f00000, 0x000001fab91c0000]
CodeHeap 'non-nmethods': size=5760Kb used=1156Kb max_used=1164Kb free=4603Kb
 bounds [0x000001fab16f0000, 0x000001fab1960000, 0x000001fab1c90000]
 total_blobs=1502 nmethods=1067 adapters=348
 compilation: enabled
              stopped_count=0, restarted_count=0
 full_count=0

Compilation events (20 events):
Event: 2.109 Thread 0x000001fac2d3c490 nmethod 1056 0x000001fab1e7cf10 code [0x000001fab1e7d0e0, 0x000001fab1e7d3b8]
Event: 2.109 Thread 0x000001fac2d3c490 1054       3       sun.util.locale.InternalLocaleBuilder::clear (31 bytes)
Event: 2.109 Thread 0x000001fac2d3c490 nmethod 1054 0x000001fab1e7d490 code [0x000001fab1e7d660, 0x000001fab1e7d968]
Event: 2.109 Thread 0x000001fac2d3c490 1055       3       sun.util.locale.LanguageTag::getExtlangs (24 bytes)
Event: 2.109 Thread 0x000001fac2d3c490 nmethod 1055 0x000001fab1e7da10 code [0x000001fab1e7dbe0, 0x000001fab1e7deb8]
Event: 2.109 Thread 0x000001fac2d3c490 1059       3       sun.util.locale.LanguageTag::parseExtlangs (114 bytes)
Event: 2.110 Thread 0x000001fac2d3c490 nmethod 1059 0x000001fab1e7df90 code [0x000001fab1e7e1e0, 0x000001fab1e7ec98]
Event: 2.110 Thread 0x000001fac2d3c490 1060       3       sun.util.locale.LanguageTag::parseScript (55 bytes)
Event: 2.110 Thread 0x000001fac2d3c490 nmethod 1060 0x000001fab1e7f010 code [0x000001fab1e7f200, 0x000001fab1e7f818]
Event: 2.110 Thread 0x000001fac2d3c490 1061       3       sun.util.locale.LanguageTag::parseRegion (55 bytes)
Event: 2.110 Thread 0x000001fac2d3c490 nmethod 1061 0x000001fab1e7fa10 code [0x000001fab1e7fbe0, 0x000001fab1e7ffd8]
Event: 2.110 Thread 0x000001fac2d3c490 1063       3       sun.util.locale.LanguageTag::parseExtensions (208 bytes)
Event: 2.111 Thread 0x000001fac2d3c490 nmethod 1063 0x000001fab1e80110 code [0x000001fab1e80500, 0x000001fab1e81d88]
Event: 2.112 Thread 0x000001fac2d3c490 1052       3       sun.util.locale.BaseLocale$Key::getBaseLocale (25 bytes)
Event: 2.112 Thread 0x000001fac2d3c490 nmethod 1052 0x000001fab1e82610 code [0x000001fab1e827c0, 0x000001fab1e82b08]
Event: 2.112 Thread 0x000001fac2d3c490 1057       3       java.util.Locale$Cache::createObject (6 bytes)
Event: 2.112 Thread 0x000001fac2d3c490 nmethod 1057 0x000001fab1e82c10 code [0x000001fab1e82dc0, 0x000001fab1e82f08]
Event: 2.112 Thread 0x000001fac2d3c490 1058       3       java.util.Locale$Cache::createObject (41 bytes)
Event: 2.112 Thread 0x000001fac2d3c490 nmethod 1058 0x000001fab1e82f90 code [0x000001fab1e83180, 0x000001fab1e839d8]
Event: 2.112 Thread 0x000001fac2d3c490 1066       3       sun.util.locale.InternalLocaleBuilder::setExtensions (206 bytes)

GC Heap History (2 events):
Event: 1.521 GC heap before
{Heap before GC invocations=0 (full 0):
 garbage-first heap   total 65536K, used 14336K [0x00000000fc000000, 0x0000000100000000)
  region size 1024K, 13 young (13312K), 0 survivors (0K)
 Metaspace       used 4635K, committed 4864K, reserved 1114112K
  class space    used 542K, committed 640K, reserved 1048576K
}
Event: 1.971 GC heap after
{Heap after GC invocations=1 (full 0):
 garbage-first heap   total 65536K, used 3160K [0x00000000fc000000, 0x0000000100000000)
  region size 1024K, 2 young (2048K), 2 survivors (2048K)
 Metaspace       used 4635K, committed 4864K, reserved 1114112K
  class space    used 542K, committed 640K, reserved 1048576K
}

Deoptimization events (16 events):
Event: 0.701 Thread 0x000001faa9dc9b30 DEOPT PACKING pc=0x000001fab1c9ff67 sp=0x0000000478dfadc0
Event: 0.701 Thread 0x000001faa9dc9b30 DEOPT UNPACKING pc=0x000001fab1742b43 sp=0x0000000478dfa1e0 mode 0
Event: 0.720 Thread 0x000001faa9dc9b30 DEOPT PACKING pc=0x000001fab1c9d6d1 sp=0x0000000478dfd280
Event: 0.720 Thread 0x000001faa9dc9b30 DEOPT UNPACKING pc=0x000001fab1742b43 sp=0x0000000478dfc6f8 mode 0
Event: 1.996 Thread 0x000001fac72d4d30 Uncommon trap: trap_request=0xffffff45 fr.pc=0x000001fab91db1f0 relative=0x00000000000004d0
Event: 1.996 Thread 0x000001fac72d4d30 Uncommon trap: reason=unstable_if action=reinterpret pc=0x000001fab91db1f0 method=java.lang.StringLatin1.replace([BCC)Ljava/lang/String; @ 19 c2
Event: 1.996 Thread 0x000001fac72d4d30 DEOPT PACKING pc=0x000001fab91db1f0 sp=0x000000047a0fd560
Event: 1.996 Thread 0x000001fac72d4d30 DEOPT UNPACKING pc=0x000001fab17423a3 sp=0x000000047a0fd4e0 mode 2
Event: 2.111 Thread 0x000001fac72d4d30 Uncommon trap: trap_request=0xffffff45 fr.pc=0x000001fab91f80dc relative=0x000000000000005c
Event: 2.111 Thread 0x000001fac72d4d30 Uncommon trap: reason=unstable_if action=reinterpret pc=0x000001fab91f80dc method=java.lang.AbstractStringBuilder.isLatin1()Z @ 10 c2
Event: 2.111 Thread 0x000001fac72d4d30 DEOPT PACKING pc=0x000001fab91f80dc sp=0x000000047a0fe510
Event: 2.111 Thread 0x000001fac72d4d30 DEOPT UNPACKING pc=0x000001fab17423a3 sp=0x000000047a0fe4a0 mode 2
Event: 2.112 Thread 0x000001fac72d4d30 Uncommon trap: trap_request=0xffffff45 fr.pc=0x000001fab91db7c8 relative=0x0000000000000048
Event: 2.112 Thread 0x000001fac72d4d30 Uncommon trap: reason=unstable_if action=reinterpret pc=0x000001fab91db7c8 method=java.lang.CharacterData.of(I)Ljava/lang/CharacterData; @ 4 c2
Event: 2.112 Thread 0x000001fac72d4d30 DEOPT PACKING pc=0x000001fab91db7c8 sp=0x000000047a0fdcf0
Event: 2.112 Thread 0x000001fac72d4d30 DEOPT UNPACKING pc=0x000001fab17423a3 sp=0x000000047a0fdc90 mode 2

Classes loaded (20 events):
Event: 2.000 Loading class sun/net/www/protocol/jar/URLJarFile$URLJarFileEntry
Event: 2.000 Loading class sun/net/www/protocol/jar/URLJarFile$URLJarFileEntry done
Event: 2.000 Loading class sun/net/www/protocol/jar/JarURLConnection$JarURLInputStream
Event: 2.000 Loading class sun/net/www/protocol/jar/JarURLConnection$JarURLInputStream done
Event: 2.000 Loading class java/util/PropertyResourceBundle
Event: 2.000 Loading class java/util/PropertyResourceBundle done
Event: 2.000 Loading class sun/util/PropertyResourceBundleCharset
Event: 2.000 Loading class sun/util/PropertyResourceBundleCharset done
Event: 2.000 Loading class sun/util/PropertyResourceBundleCharset$PropertiesFileDecoder
Event: 2.000 Loading class sun/util/PropertyResourceBundleCharset$PropertiesFileDecoder done
Event: 2.001 Loading class java/util/ResourceBundle$BundleReference
Event: 2.001 Loading class java/util/ResourceBundle$BundleReference done
Event: 2.006 Loading class java/util/logging/LogRecord
Event: 2.006 Loading class java/util/logging/LogRecord done
Event: 2.091 Loading class sun/util/calendar/ZoneInfoFile$Checksum
Event: 2.091 Loading class sun/util/calendar/ZoneInfoFile$Checksum done
Event: 2.110 Loading class sun/text/resources/cldr/FormatData_en
Event: 2.110 Loading class sun/text/resources/cldr/FormatData_en done
Event: 2.110 Loading class sun/text/resources/cldr/FormatData_en_US
Event: 2.110 Loading class sun/text/resources/cldr/FormatData_en_US done

Classes unloaded (0 events):
No events

Classes redefined (0 events):
No events

Internal exceptions (15 events):
Event: 0.629 Thread 0x000001faa9dc9b30 Exception <a 'java/lang/NoSuchMethodError'{0x00000000ffd8da08}: 'void java.lang.invoke.DirectMethodHandle$Holder.invokeSpecial(java.lang.Object, java.lang.Object, java.lang.Object)'> (0x00000000ffd8da08) 
thrown [s\open\src\hotspot\share\interpreter\linkResolver.cpp, line 759]
Event: 0.711 Thread 0x000001faa9dc9b30 Exception <a 'java/lang/NoSuchMethodError'{0x00000000ffce4850}: 'void java.lang.invoke.DirectMethodHandle$Holder.invokeStatic(java.lang.Object, java.lang.Object, java.lang.Object)'> (0x00000000ffce4850) 
thrown [s\open\src\hotspot\share\interpreter\linkResolver.cpp, line 759]
Event: 0.774 Thread 0x000001faa9dc9b30 Exception <a 'java/lang/NoSuchMethodError'{0x00000000ffb9dc58}: 'void java.lang.invoke.DirectMethodHandle$Holder.invokeStatic(java.lang.Object, java.lang.Object, java.lang.Object, java.lang.Object)'> (0x00000000ffb9dc58) 
thrown [s\open\src\hotspot\share\interpreter\linkResolver.cpp, line 759]
Event: 1.069 Thread 0x000001faa9dc9b30 Exception <a 'java/lang/NoSuchMethodError'{0x00000000ff7a1030}: 'java.lang.Object java.lang.invoke.DirectMethodHandle$Holder.newInvokeSpecial(java.lang.Object, java.lang.Object, java.lang.Object, java.lang.Object, java.lang.Object)'> (0x00000000ff7a1030) 
thrown [s\open\src\hotspot\share\interpreter\linkResolver.cpp, line 759]
Event: 1.071 Thread 0x000001faa9dc9b30 Exception <a 'java/lang/NoSuchMethodError'{0x00000000ff7a6150}: 'java.lang.Object java.lang.invoke.DirectMethodHandle$Holder.invokeInterface(java.lang.Object, java.lang.Object)'> (0x00000000ff7a6150) 
thrown [s\open\src\hotspot\share\interpreter\linkResolver.cpp, line 759]
Event: 1.072 Thread 0x000001faa9dc9b30 Exception <a 'java/lang/IncompatibleClassChangeError'{0x00000000ff7a9738}: Found class java.lang.Object, but interface was expected> (0x00000000ff7a9738) 
thrown [s\open\src\hotspot\share\interpreter\linkResolver.cpp, line 826]
Event: 1.148 Thread 0x000001faa9dc9b30 Exception <a 'java/lang/IncompatibleClassChangeError'{0x00000000ff7d4358}: Found class java.lang.Object, but interface was expected> (0x00000000ff7d4358) 
thrown [s\open\src\hotspot\share\interpreter\linkResolver.cpp, line 826]
Event: 1.289 Thread 0x000001fac72d4d30 Exception <a 'java/lang/NoSuchMethodError'{0x00000000ff550f28}: 'int java.lang.invoke.DirectMethodHandle$Holder.invokeSpecial(java.lang.Object, java.lang.Object, java.lang.Object)'> (0x00000000ff550f28) 
thrown [s\open\src\hotspot\share\interpreter\linkResolver.cpp, line 759]
Event: 1.295 Thread 0x000001fac72d4d30 Exception <a 'java/lang/NoSuchMethodError'{0x00000000ff57b278}: 'void java.lang.invoke.Invokers$Holder.invokeExact_MT(java.lang.Object, java.lang.Object, java.lang.Object, java.lang.Object)'> (0x00000000ff57b278) 
thrown [s\open\src\hotspot\share\interpreter\linkResolver.cpp, line 759]
Event: 1.310 Thread 0x000001fac72d4d30 Exception <a 'java/lang/NoSuchMethodError'{0x00000000ff5db438}: 'void java.lang.invoke.DelegatingMethodHandle$Holder.reinvoke_L(java.lang.Object, java.lang.Object, int)'> (0x00000000ff5db438) 
thrown [s\open\src\hotspot\share\interpreter\linkResolver.cpp, line 759]
Event: 1.311 Thread 0x000001fac72d4d30 Exception <a 'java/lang/NoSuchMethodError'{0x00000000ff5e25d8}: 'int java.lang.invoke.Invokers$Holder.invokeExact_MT(java.lang.Object, java.lang.Object, java.lang.Object)'> (0x00000000ff5e25d8) 
thrown [s\open\src\hotspot\share\interpreter\linkResolver.cpp, line 759]
Event: 1.442 Thread 0x000001fac72d4d30 Exception <a 'java/lang/NoSuchMethodError'{0x00000000ff358040}: 'java.lang.Object java.lang.invoke.DirectMethodHandle$Holder.invokeInterface(java.lang.Object, java.lang.Object, java.lang.Object)'> (0x00000000ff358040) 
thrown [s\open\src\hotspot\share\interpreter\linkResolver.cpp, line 759]
Event: 1.979 Thread 0x000001fac72d4d30 Exception <a 'sun/nio/fs/WindowsException'{0x00000000fff52db8}> (0x00000000fff52db8) 
thrown [s\open\src\hotspot\share\prims\jni.cpp, line 516]
Event: 1.984 Thread 0x000001fac72d4d30 Exception <a 'sun/nio/fs/WindowsException'{0x00000000fff596b8}> (0x00000000fff596b8) 
thrown [s\open\src\hotspot\share\prims\jni.cpp, line 516]
Event: 1.993 Thread 0x000001fac72d4d30 Exception <a 'java/lang/NoSuchMethodError'{0x00000000fff6d9e8}: 'java.lang.Object java.lang.invoke.DirectMethodHandle$Holder.invokeStaticInit(java.lang.Object)'> (0x00000000fff6d9e8) 
thrown [s\open\src\hotspot\share\interpreter\linkResolver.cpp, line 759]

VM Operations (18 events):
Event: 1.159 Executing VM operation: Cleanup
Event: 1.160 Executing VM operation: Cleanup done
Event: 1.445 Executing VM operation: HandshakeAllThreads
Event: 1.445 Executing VM operation: HandshakeAllThreads done
Event: 1.453 Executing VM operation: HandshakeAllThreads
Event: 1.453 Executing VM operation: HandshakeAllThreads done
Event: 1.516 Executing VM operation: HandshakeAllThreads
Event: 1.516 Executing VM operation: HandshakeAllThreads done
Event: 1.521 Executing VM operation: G1CollectForAllocation
Event: 1.971 Executing VM operation: G1CollectForAllocation done
Event: 2.000 Executing VM operation: HandshakeAllThreads
Event: 2.000 Executing VM operation: HandshakeAllThreads done
Event: 2.091 Executing VM operation: HandshakeAllThreads
Event: 2.091 Executing VM operation: HandshakeAllThreads done
Event: 2.112 Executing VM operation: HandshakeAllThreads
Event: 2.112 Executing VM operation: HandshakeAllThreads done
Event: 2.114 Executing VM operation: HandshakeAllThreads
Event: 2.114 Executing VM operation: HandshakeAllThreads done

Events (20 events):
Event: 0.102 Loaded shared library C:\Program Files\Java\jdk-18.0.2.1\bin\jsvml.dll
Event: 0.102 Thread 0x000001faa9dc9b30 Thread added: 0x000001faa9dc9b30
Event: 0.150 Thread 0x000001faa9e7ca00 Thread added: 0x000001faa9e7ca00
Event: 0.150 Thread 0x000001faa9e7e670 Thread added: 0x000001faa9e7e670
Event: 0.188 Thread 0x000001fac2d36950 Thread added: 0x000001fac2d36950
Event: 0.188 Thread 0x000001fac2d372f0 Thread added: 0x000001fac2d372f0
Event: 0.188 Thread 0x000001fac2d37c90 Thread added: 0x000001fac2d37c90
Event: 0.188 Thread 0x000001fac2d38630 Thread added: 0x000001fac2d38630
Event: 0.189 Thread 0x000001fac2d39300 Thread added: 0x000001fac2d39300
Event: 0.197 Thread 0x000001fac2d3c490 Thread added: 0x000001fac2d3c490
Event: 0.241 Thread 0x000001fac2dabed0 Thread added: 0x000001fac2dabed0
Event: 0.305 Thread 0x000001fac2e00740 Thread added: 0x000001fac2e00740
Event: 0.320 Thread 0x000001fac2e0a2b0 Thread added: 0x000001fac2e0a2b0
Event: 0.357 Loaded shared library C:\Program Files\Java\jdk-18.0.2.1\bin\net.dll
Event: 0.401 Loaded shared library C:\Program Files\Java\jdk-18.0.2.1\bin\nio.dll
Event: 0.409 Loaded shared library C:\Program Files\Java\jdk-18.0.2.1\bin\zip.dll
Event: 0.540 Loaded shared library C:\Program Files\Java\jdk-18.0.2.1\bin\jimage.dll
Event: 1.175 Thread 0x000001fac72d4d30 Thread added: 0x000001fac72d4d30
Event: 1.176 Thread 0x000001faa9dc9b30 Thread exited: 0x000001faa9dc9b30
Event: 1.176 Thread 0x000001faa9dc9b30 Thread added: 0x000001faa9dc9b30


Dynamic libraries:
0x00007ff6bb040000 - 0x00007ff6bb050000 	C:\Program Files\Java\jdk-18.0.2.1\bin\java.exe
0x00007ffb7bbb0000 - 0x00007ffb7bda8000 	C:\Windows\SYSTEM32\ntdll.dll
0x00007ffb7b8d0000 - 0x00007ffb7b992000 	C:\Windows\System32\KERNEL32.DLL
0x00007ffb798c0000 - 0x00007ffb79bb6000 	C:\Windows\System32\KERNELBASE.dll
0x00007ffb76380000 - 0x00007ffb76414000 	C:\Windows\SYSTEM32\apphelp.dll
0x00007ffb79430000 - 0x00007ffb79530000 	C:\Windows\System32\ucrtbase.dll
0x00007ffb41160000 - 0x00007ffb41178000 	C:\Program Files\Java\jdk-18.0.2.1\bin\jli.dll
0x00007ffb7af10000 - 0x00007ffb7afc1000 	C:\Windows\System32\ADVAPI32.dll
0x00007ffb79d70000 - 0x00007ffb79e0e000 	C:\Windows\System32\msvcrt.dll
0x00007ffb7a1a0000 - 0x00007ffb7a23f000 	C:\Windows\System32\sechost.dll
0x00007ffb7afd0000 - 0x00007ffb7b0f3000 	C:\Windows\System32\RPCRT4.dll
0x00007ffb796f0000 - 0x00007ffb79717000 	C:\Windows\System32\bcrypt.dll
0x00007ffb7b9d0000 - 0x00007ffb7bb6d000 	C:\Windows\System32\USER32.dll
0x00007ffb795c0000 - 0x00007ffb795e2000 	C:\Windows\System32\win32u.dll
0x00007ffb7a170000 - 0x00007ffb7a19b000 	C:\Windows\System32\GDI32.dll
0x00007ffb797a0000 - 0x00007ffb798ba000 	C:\Windows\System32\gdi32full.dll
0x00007ffb79230000 - 0x00007ffb792cd000 	C:\Windows\System32\msvcp_win.dll
0x00007ffb40600000 - 0x00007ffb4061a000 	C:\Program Files\Java\jdk-18.0.2.1\bin\VCRUNTIME140.dll
0x00007ffb6e120000 - 0x00007ffb6e3ba000 	C:\Windows\WinSxS\amd64_microsoft.windows.common-controls_6595b64144ccf1df_6.0.19041.4355_none_60b8b9eb71f62e16\COMCTL32.dll
0x00007ffb75db0000 - 0x00007ffb75dba000 	C:\Windows\SYSTEM32\VERSION.dll
0x00007ffb7b9a0000 - 0x00007ffb7b9cf000 	C:\Windows\System32\IMM32.DLL
0x00007ffb765d0000 - 0x00007ffb765dc000 	C:\Program Files\Java\jdk-18.0.2.1\bin\vcruntime140_1.dll
0x00007ffb286c0000 - 0x00007ffb2874d000 	C:\Program Files\Java\jdk-18.0.2.1\bin\msvcp140.dll
0x00007ffaf1170000 - 0x00007ffaf1d81000 	C:\Program Files\Java\jdk-18.0.2.1\bin\server\jvm.dll
0x00007ffb7a4f0000 - 0x00007ffb7a4f8000 	C:\Windows\System32\PSAPI.DLL
0x00007ffb75b90000 - 0x00007ffb75b99000 	C:\Windows\SYSTEM32\WSOCK32.dll
0x00007ffb7a480000 - 0x00007ffb7a4eb000 	C:\Windows\System32\WS2_32.dll
0x00007ffb579b0000 - 0x00007ffb579d7000 	C:\Windows\SYSTEM32\WINMM.dll
0x00007ffb76ef0000 - 0x00007ffb76f02000 	C:\Windows\SYSTEM32\kernel.appcore.dll
0x00007ffb6b680000 - 0x00007ffb6b68a000 	C:\Program Files\Java\jdk-18.0.2.1\bin\jimage.dll
0x00007ffb6e760000 - 0x00007ffb6e944000 	C:\Windows\SYSTEM32\DBGHELP.DLL
0x00007ffb6bb60000 - 0x00007ffb6bb94000 	C:\Windows\SYSTEM32\dbgcore.DLL
0x00007ffb79530000 - 0x00007ffb795b2000 	C:\Windows\System32\bcryptPrimitives.dll
0x00007ffb33550000 - 0x00007ffb33575000 	C:\Program Files\Java\jdk-18.0.2.1\bin\java.dll
0x00007ffb26990000 - 0x00007ffb26a66000 	C:\Program Files\Java\jdk-18.0.2.1\bin\jsvml.dll
0x00007ffb7b160000 - 0x00007ffb7b8cf000 	C:\Windows\System32\SHELL32.dll
0x00007ffb770f0000 - 0x00007ffb77893000 	C:\Windows\SYSTEM32\windows.storage.dll
0x00007ffb79e10000 - 0x00007ffb7a165000 	C:\Windows\System32\combase.dll
0x00007ffb78b90000 - 0x00007ffb78bbb000 	C:\Windows\SYSTEM32\Wldp.dll
0x00007ffb7ae40000 - 0x00007ffb7af0d000 	C:\Windows\System32\OLEAUT32.dll
0x00007ffb7a240000 - 0x00007ffb7a2ed000 	C:\Windows\System32\SHCORE.dll
0x00007ffb7b100000 - 0x00007ffb7b155000 	C:\Windows\System32\shlwapi.dll
0x00007ffb79160000 - 0x00007ffb79185000 	C:\Windows\SYSTEM32\profapi.dll
0x00007ffb405e0000 - 0x00007ffb405f3000 	C:\Program Files\Java\jdk-18.0.2.1\bin\net.dll
0x00007ffb74da0000 - 0x00007ffb74eaa000 	C:\Windows\SYSTEM32\WINHTTP.dll
0x00007ffb788f0000 - 0x00007ffb7895c000 	C:\Windows\system32\mswsock.dll
0x00007ffb3f730000 - 0x00007ffb3f746000 	C:\Program Files\Java\jdk-18.0.2.1\bin\nio.dll
0x00007ffb32f70000 - 0x00007ffb32f88000 	C:\Program Files\Java\jdk-18.0.2.1\bin\zip.dll

dbghelp: loaded successfully - version: 4.0.5 - missing functions: none
symbol engine: initialized successfully - sym options: 0x614 - pdb path: .;C:\Program Files\Java\jdk-18.0.2.1\bin;C:\Windows\SYSTEM32;C:\Windows\WinSxS\amd64_microsoft.windows.common-controls_6595b64144ccf1df_6.0.19041.4355_none_60b8b9eb71f62e16;C:\Program Files\Java\jdk-18.0.2.1\bin\server

VM Arguments:
jvm_args: -DwatchParentProcess=false -XX:+ExitOnOutOfMemoryError -XX:+HeapDumpOnOutOfMemoryError -XX:HeapDumpPath=c:\Users\student.APROTRAIN-APTEC\AppData\Roaming\Code\User\globalStorage\redhat.vscode-xml -Xmx64M 
java_command: org.eclipse.lemminx.XMLServerLauncher
java_class_path (initial): c:\Users\student.APROTRAIN-APTEC\.vscode\extensions\redhat.vscode-xml-0.29.0-win32-x64\server\org.eclipse.lemminx-0.31.0-uber.jar
Launcher Type: SUN_STANDARD

[Global flags]
     intx CICompilerCount                          = 3                                         {product} {ergonomic}
     uint ConcGCThreads                            = 1                                         {product} {ergonomic}
     bool ExitOnOutOfMemoryError                   = true                                      {product} {command line}
     uint G1ConcRefinementThreads                  = 4                                         {product} {ergonomic}
   size_t G1HeapRegionSize                         = 1048576                                   {product} {ergonomic}
    uintx GCDrainStackTargetSize                   = 64                                        {product} {ergonomic}
     bool HeapDumpOnOutOfMemoryError               = true                                   {manageable} {command line}
    ccstr HeapDumpPath                             = c:\Users\student.APROTRAIN-APTEC\AppData\Roaming\Code\User\globalStorage\redhat.vscode-xml         {manageable} {command line}
   size_t InitialHeapSize                          = 67108864                                  {product} {ergonomic}
   size_t MarkStackSize                            = 4194304                                   {product} {ergonomic}
   size_t MaxHeapSize                              = 67108864                                  {product} {command line}
   size_t MaxNewSize                               = 39845888                                  {product} {ergonomic}
   size_t MinHeapDeltaBytes                        = 1048576                                   {product} {ergonomic}
   size_t MinHeapSize                              = 8388608                                   {product} {ergonomic}
    uintx NonNMethodCodeHeapSize                   = 5832780                                {pd product} {ergonomic}
    uintx NonProfiledCodeHeapSize                  = 122912730                              {pd product} {ergonomic}
    uintx ProfiledCodeHeapSize                     = 122912730                              {pd product} {ergonomic}
    uintx ReservedCodeCacheSize                    = 251658240                              {pd product} {ergonomic}
     bool SegmentedCodeCache                       = true                                      {product} {ergonomic}
   size_t SoftMaxHeapSize                          = 67108864                               {manageable} {ergonomic}
     bool UseCompressedClassPointers               = true                           {product lp64_product} {ergonomic}
     bool UseCompressedOops                        = true                           {product lp64_product} {ergonomic}
     bool UseG1GC                                  = true                                      {product} {ergonomic}
     bool UseLargePagesIndividualAllocation        = false                                  {pd product} {ergonomic}

Logging:
Log output configuration:
 #0: stdout all=warning uptime,level,tags foldmultilines=false
 #1: stderr all=off uptime,level,tags foldmultilines=false

Environment Variables:
PATH=C:\Users\student.APROTRAIN-APTEC\AppData\Local\Programs\Microsoft VS Code;C:\Program Files\Common Files\Oracle\Java\javapath;C:\Program Files (x86)\Common Files\Oracle\Java\java8path;C:\Program Files (x86)\Common Files\Oracle\Java\javapath;C:\Windows\system32;C:\Windows;C:\Windows\System32\Wbem;C:\Windows\System32\WindowsPowerShell\v1.0\;C:\Windows\System32\OpenSSH\;C:\Program Files\Microsoft VS Code\bin;C:\mingw64\bin;C:\xampp\php;C:\composer;C:\Program Files (x86)\Microsoft SQL Server\160\Tools\Binn\;C:\Program Files\Microsoft SQL Server\160\Tools\Binn\;C:\Program Files\Microsoft SQL Server\Client SDK\ODBC\170\Tools\Binn\;C:\Program Files\Microsoft SQL Server\160\DTS\Binn\;C:\Program Files (x86)\Microsoft SQL Server\160\DTS\Binn\;C:\Program Files\Microsoft SQL Server\150\Tools\Binn\;C:\Program Files\dotnet\;C:\wildfly-20.0.0.Final\bin;C:\Users\hieu.tm\AppData\Roaming\nvm;C:\Program Files\nodejs;C:\flutter\bin;C:\Program Files\nodejs\;C:\dart-sdk\bin;C:\Program Files\Microsoft SQL Server\170\Tools\Binn\;C:\Program Files (x86)\Microsoft SQL Server\150\Tools\Binn\;C:\Program Files\Microsoft SQL Server\150\DTS\Binn\;C:\Users\student.APROTRAIN-APTEC\AppData\Local\Programs\Python\Python313\Scripts\;C:\Users\student.APROTRAIN-APTEC\AppData\Local\Programs\Python\Python313\;C:\Users\student.APROTRAIN-APTEC\AppData\Local\Programs\Python\Launcher\;C:\Users\student.APROTRAIN-APTEC\AppData\Local\Microsoft\WindowsApps;C:\Users\student.APROTRAIN-APTEC\AppData\Local\Programs\mongosh\;C:\Users\student.APROTRAIN-APTEC\AppData\Local\Programs\cursor\resources\app\bin;C:\Users\student.APROTRAIN-APTEC\AppData\Roaming\npm;C:\Users\student.APROTRAIN-APTEC\.dotnet\tools;C:\Users\student.APROTRAIN-APTEC\AppData\Local\Programs\Microsoft VS Code\bin;C:\Users\student.APROTRAIN-APTEC\AppData\Local\Programs\Git\cmd
USERNAME=student
OS=Windows_NT
PROCESSOR_IDENTIFIER=Intel64 Family 6 Model 158 Stepping 11, GenuineIntel



---------------  S Y S T E M  ---------------

OS:
 Windows 10 , 64 bit Build 19041 (10.0.19041.5678)
OS uptime: 90 days 14:39 hours

CPU: total 4 (initial active 4) (4 cores per cpu, 1 threads per core) family 6 model 158 stepping 11 microcode 0xb4, cx8, cmov, fxsr, mmx, 3dnowpref, sse, sse2, sse3, ssse3, sse4.1, sse4.2, popcnt, lzcnt, tsc, tscinvbit, avx, avx2, aes, erms, clmul, bmi1, bmi2, adx, fma, vzeroupper, clflush, clflushopt

Memory: 4k page, system-wide physical 8062M (718M free)
TotalPageFile size 12305M (AvailPageFile size 3M)
current process WorkingSet (physical memory assigned to process): 59M, peak: 59M
current process commit charge ("private bytes"): 143M, peak: 143M

vm_info: Java HotSpot(TM) 64-Bit Server VM (18.0.2.1+1-1) for windows-amd64 JRE (18.0.2.1+1-1), built on Aug 16 2022 01:46:33 by "mach5one" with MS VC++ 16.8 / 16.9 (VS2019)

END.
