#
# There is insufficient memory for the Java Runtime Environment to continue.
# Native memory allocation (malloc) failed to allocate 506976 bytes. Error detail: Chunk::new
# Possible reasons:
#   The system is out of physical RAM or swap space
#   This process is running with CompressedOops enabled, and the Java Heap may be blocking the growth of the native heap
# Possible solutions:
#   Reduce memory load on the system
#   Increase physical memory or swap space
#   Check if swap backing store is full
#   Decrease Java heap size (-Xmx/-Xms)
#   Decrease number of Java threads
#   Decrease Java thread stack sizes (-Xss)
#   Set larger code cache with -XX:ReservedCodeCacheSize=
#   JVM is running with Unscaled Compressed Oops mode in which the Java heap is
#     placed in the first 4GB address space. The Java Heap base address is the
#     maximum limit for the native heap growth. Please use -XX:HeapBaseMinAddress
#     to set the Java Heap base and to place the Java Heap above 4GB virtual address.
# This output file may be truncated or incomplete.
#
#  Out of Memory Error (arena.cpp:168), pid=2424, tid=8276
#
# JRE version: OpenJDK Runtime Environment Temurin-21.0.10+7 (21.0.10+7) (build 21.0.10+7-LTS)
# Java VM: OpenJDK 64-Bit Server VM Temurin-21.0.10+7 (21.0.10+7-LTS, mixed mode, sharing, tiered, compressed oops, compressed class ptrs, parallel gc, windows-amd64)
# No core dump will be written. Minidumps are not enabled by default on client versions of Windows
#

---------------  S U M M A R Y ------------

Command Line: --add-modules=ALL-SYSTEM --add-opens=java.base/java.util=ALL-UNNAMED --add-opens=java.base/java.lang=ALL-UNNAMED --add-opens=java.base/sun.nio.fs=ALL-UNNAMED -Declipse.application=org.eclipse.jdt.ls.core.id1 -Dosgi.bundles.defaultStartLevel=4 -Declipse.product=org.eclipse.jdt.ls.core.product -Djava.import.generatesMetadataFilesAtProjectRoot=false -DDetectVMInstallationsJob.disabled=true -Dfile.encoding=utf8 -XX:+UseParallelGC -XX:GCTimeRatio=4 -XX:AdaptiveSizePolicyWeight=90 -Dsun.zip.disableMemoryMapping=true -Xmx2G -Xms100m -Xlog:disable -javaagent:c:\Users\student.APROTRAIN-APTEC\.vscode\extensions\redhat.java-1.54.0-win32-x64\lombok\lombok-1.18.39-4050.jar c:\Users\student.APROTRAIN-APTEC\.vscode\extensions\redhat.java-1.54.0-win32-x64\server\plugins\org.eclipse.equinox.launcher_1.7.100.v20251111-0406.jar -configuration c:\Users\student.APROTRAIN-APTEC\AppData\Roaming\Code\User\globalStorage\redhat.java\1.54.0\config_ss_win -data c:\Users\student.APROTRAIN-APTEC\AppData\Roaming\Code\User\workspaceStorage\92c5df0813675ecde4cb2892cacafeda\redhat.java\ss_ws --pipe=\\.\pipe\lsp-df68fd2fc713b74aba90e0325f6fff6c-sock

Host: Intel(R) Core(TM) i3-8100 CPU @ 3.60GHz, 4 cores, 7G,  Windows 10 , 64 bit Build 19041 (10.0.19041.5678)
Time: Thu Apr 16 11:27:35 2026 SE Asia Standard Time elapsed time: 3.313431 seconds (0d 0h 0m 3s)

---------------  T H R E A D  ---------------

Current thread (0x000001bc74fa71d0):  JavaThread "C2 CompilerThread0" daemon [_thread_in_native, id=8276, stack(0x0000009e19c00000,0x0000009e19d00000) (1024K)]


Current CompileTask:
C2:3313 2608       4       org.lombokweb.asm.ClassReader::readMethod (1070 bytes)

Stack: [0x0000009e19c00000,0x0000009e19d00000]
Native frames: (J=compiled Java code, j=interpreted, Vv=VM code, C=native code)
V  [jvm.dll+0x6d7a39]
V  [jvm.dll+0x8b4b26]
V  [jvm.dll+0x8b70de]
V  [jvm.dll+0x8b77c3]
V  [jvm.dll+0x284346]
V  [jvm.dll+0xc66ed]
V  [jvm.dll+0xc6c31]
V  [jvm.dll+0x2fb29e]
V  [jvm.dll+0x5fe884]
V  [jvm.dll+0x255b17]
V  [jvm.dll+0x24e12a]
V  [jvm.dll+0x24ba42]
V  [jvm.dll+0x1cb34e]
V  [jvm.dll+0x25b85d]
V  [jvm.dll+0x259dea]
V  [jvm.dll+0x3f857e]
V  [jvm.dll+0x85f59d]
V  [jvm.dll+0x6d626d]
C  [ucrtbase.dll+0x21bb2]
C  [KERNEL32.DLL+0x17374]
C  [ntdll.dll+0x4cc91]


---------------  P R O C E S S  ---------------

Threads class SMR info:
_java_thread_list=0x000001bc7ad60a70, length=19, elements={
0x000001bc5c310240, 0x000001bc5e66af80, 0x000001bc5e66e600, 0x000001bc74fa0cd0,
0x000001bc74fa1d50, 0x000001bc74fa5930, 0x000001bc74fa6390, 0x000001bc74fa71d0,
0x000001bc75016700, 0x000001bc7a0e9f40, 0x000001bc7a3163c0, 0x000001bc7aab07a0,
0x000001bc7aa24af0, 0x000001bc7ab652a0, 0x000001bc7ab63ef0, 0x000001bc7a6ed890,
0x000001bc7ab65fc0, 0x000001bc7ab64580, 0x000001bc7ab66650
}

Java Threads: ( => current thread )
  0x000001bc5c310240 JavaThread "main"                              [_thread_blocked, id=6508, stack(0x0000009e19200000,0x0000009e19300000) (1024K)]
  0x000001bc5e66af80 JavaThread "Reference Handler"          daemon [_thread_blocked, id=11072, stack(0x0000009e19600000,0x0000009e19700000) (1024K)]
  0x000001bc5e66e600 JavaThread "Finalizer"                  daemon [_thread_blocked, id=2576, stack(0x0000009e19700000,0x0000009e19800000) (1024K)]
  0x000001bc74fa0cd0 JavaThread "Signal Dispatcher"          daemon [_thread_blocked, id=12544, stack(0x0000009e19800000,0x0000009e19900000) (1024K)]
  0x000001bc74fa1d50 JavaThread "Attach Listener"            daemon [_thread_blocked, id=7036, stack(0x0000009e19900000,0x0000009e19a00000) (1024K)]
  0x000001bc74fa5930 JavaThread "Service Thread"             daemon [_thread_blocked, id=3560, stack(0x0000009e19a00000,0x0000009e19b00000) (1024K)]
  0x000001bc74fa6390 JavaThread "Monitor Deflation Thread"   daemon [_thread_blocked, id=11108, stack(0x0000009e19b00000,0x0000009e19c00000) (1024K)]
=>0x000001bc74fa71d0 JavaThread "C2 CompilerThread0"         daemon [_thread_in_native, id=8276, stack(0x0000009e19c00000,0x0000009e19d00000) (1024K)]
  0x000001bc75016700 JavaThread "C1 CompilerThread0"         daemon [_thread_blocked, id=9044, stack(0x0000009e19d00000,0x0000009e19e00000) (1024K)]
  0x000001bc7a0e9f40 JavaThread "Common-Cleaner"             daemon [_thread_blocked, id=13200, stack(0x0000009e19e00000,0x0000009e19f00000) (1024K)]
  0x000001bc7a3163c0 JavaThread "Notification Thread"        daemon [_thread_blocked, id=8244, stack(0x0000009e1a000000,0x0000009e1a100000) (1024K)]
  0x000001bc7aab07a0 JavaThread "Active Thread: Equinox Container: e05eee4f-1b8f-4698-a45f-057a151ca6b6"        [_thread_blocked, id=8344, stack(0x0000009e1a400000,0x0000009e1a500000) (1024K)]
  0x000001bc7aa24af0 JavaThread "Framework Event Dispatcher: Equinox Container: e05eee4f-1b8f-4698-a45f-057a151ca6b6" daemon [_thread_blocked, id=7604, stack(0x0000009e19f00000,0x0000009e1a000000) (1024K)]
  0x000001bc7ab652a0 JavaThread "Start Level: Equinox Container: e05eee4f-1b8f-4698-a45f-057a151ca6b6" daemon [_thread_in_vm, id=10044, stack(0x0000009e1a500000,0x0000009e1a600000) (1024K)]
  0x000001bc7ab63ef0 JavaThread "SCR Component Actor"        daemon [_thread_blocked, id=828, stack(0x0000009e1a600000,0x0000009e1a700000) (1024K)]
  0x000001bc7a6ed890 JavaThread "C2 CompilerThread1"         daemon [_thread_in_native, id=14288, stack(0x0000009e1a700000,0x0000009e1a800000) (1024K)]
  0x000001bc7ab65fc0 JavaThread "Worker-JM"                         [_thread_blocked, id=1164, stack(0x0000009e1a800000,0x0000009e1a900000) (1024K)]
  0x000001bc7ab64580 JavaThread "Worker-0"                          [_thread_blocked, id=13776, stack(0x0000009e1a900000,0x0000009e1aa00000) (1024K)]
  0x000001bc7ab66650 JavaThread "Worker-1"                          [_thread_blocked, id=13572, stack(0x0000009e1aa00000,0x0000009e1ab00000) (1024K)]
Total: 19

Other Threads:
  0x000001bc5e650b80 VMThread "VM Thread"                           [id=12972, stack(0x0000009e19500000,0x0000009e19600000) (1024K)]
  0x000001bc5e61f8f0 WatcherThread "VM Periodic Task Thread"        [id=5796, stack(0x0000009e19400000,0x0000009e19500000) (1024K)]
  0x000001bc5e5d3cb0 WorkerThread "GC Thread#0"                     [id=9056, stack(0x0000009e19300000,0x0000009e19400000) (1024K)]
  0x000001bc7a5792f0 WorkerThread "GC Thread#1"                     [id=14264, stack(0x0000009e1a100000,0x0000009e1a200000) (1024K)]
  0x000001bc7a5741c0 WorkerThread "GC Thread#2"                     [id=12596, stack(0x0000009e1a200000,0x0000009e1a300000) (1024K)]
  0x000001bc7a2a3b10 WorkerThread "GC Thread#3"                     [id=13904, stack(0x0000009e1a300000,0x0000009e1a400000) (1024K)]
Total: 6

Threads with active compile tasks:
C2 CompilerThread0  3337 2608       4       org.lombokweb.asm.ClassReader::readMethod (1070 bytes)
C2 CompilerThread1  3337 2616       4       lombok.patcher.PatchScript$MethodPatcher::visitMethod (158 bytes)
Total: 2

VM state: not at safepoint (normal execution)

VM Mutex/Monitor currently owned by a thread:  ([mutex/lock_event])
[0x00007ffaf2a4c4e0] Metaspace_lock - owner thread: 0x000001bc7ab652a0

Heap address: 0x0000000080000000, size: 2048 MB, Compressed Oops mode: 32-bit

CDS archive(s) mapped at: [0x000001bc00000000-0x000001bc00ba0000-0x000001bc00ba0000), size 12189696, SharedBaseAddress: 0x000001bc00000000, ArchiveRelocationMode: 1.
Compressed class space mapped at: 0x000001bc01000000-0x000001bc41000000, reserved size: 1073741824
Narrow klass base: 0x000001bc00000000, Narrow klass shift: 0, Narrow klass range: 0x100000000

GC Precious Log:
 CardTable entry size: 512
 CPUs: 4 total, 4 available
 Memory: 8062M
 Large Page Support: Disabled
 NUMA Support: Disabled
 Compressed Oops: Enabled (32-bit)
 Alignments: Space 512K, Generation 512K, Heap 2M
 Heap Min Capacity: 100M
 Heap Initial Capacity: 100M
 Heap Max Capacity: 2G
 Pre-touch: Disabled
 Parallel Workers: 4

Heap:
 PSYoungGen      total 29696K, used 27168K [0x00000000d5580000, 0x00000000d7680000, 0x0000000100000000)
  eden space 25600K, 90% used [0x00000000d5580000,0x00000000d6c0b828,0x00000000d6e80000)
  from space 4096K, 99% used [0x00000000d7280000,0x00000000d767cac8,0x00000000d7680000)
  to   space 4096K, 0% used [0x00000000d6e80000,0x00000000d6e80000,0x00000000d7280000)
 ParOldGen       total 68608K, used 5152K [0x0000000080000000, 0x0000000084300000, 0x00000000d5580000)
  object space 68608K, 7% used [0x0000000080000000,0x00000000805083d0,0x0000000084300000)
 Metaspace       used 19524K, committed 20096K, reserved 1114112K
  class space    used 1904K, committed 2176K, reserved 1048576K

Card table byte_map: [0x000001bc5df80000,0x000001bc5e390000] _byte_map_base: 0x000001bc5db80000

Marking Bits: (ParMarkBitMap*) 0x00007ffaf2a53450
 Begin Bits: [0x000001bc70a60000, 0x000001bc72a60000)
 End Bits:   [0x000001bc72a60000, 0x000001bc74a60000)

Polling page: 0x000001bc5dd70000

Metaspace:

Usage:
  Non-class:     17.21 MB used.
      Class:      1.86 MB used.
       Both:     19.07 MB used.

Virtual space:
  Non-class space:       64.00 MB reserved,      17.50 MB ( 27%) committed,  1 nodes.
      Class space:        1.00 GB reserved,       2.12 MB ( <1%) committed,  1 nodes.
             Both:        1.06 GB reserved,      19.62 MB (  2%) committed. 

Chunk freelists:
   Non-Class:  13.67 MB
       Class:  13.88 MB
        Both:  27.55 MB

MaxMetaspaceSize: unlimited
CompressedClassSpaceSize: 1.00 GB
Initial GC threshold: 21.00 MB
Current GC threshold: 21.00 MB
CDS: on
 - commit_granule_bytes: 65536.
 - commit_granule_words: 8192.
 - virtual_space_node_default_size: 8388608.
 - enlarge_chunks_in_place: 1.
 - use_allocation_guard: 0.


Internal statistics:

num_allocs_failed_limit: 0.
num_arena_births: 470.
num_arena_deaths: 0.
num_vsnodes_births: 2.
num_vsnodes_deaths: 0.
num_space_committed: 314.
num_space_uncommitted: 0.
num_chunks_returned_to_freelist: 0.
num_chunks_taken_from_freelist: 1190.
num_chunk_merges: 0.
num_chunk_splits: 777.
num_chunks_enlarged: 498.
num_inconsistent_stats: 0.

CodeHeap 'non-profiled nmethods': size=120000Kb used=1128Kb max_used=1128Kb free=118871Kb
 bounds [0x000001bc69280000, 0x000001bc694f0000, 0x000001bc707b0000]
CodeHeap 'profiled nmethods': size=120000Kb used=5060Kb max_used=5060Kb free=114939Kb
 bounds [0x000001bc617b0000, 0x000001bc61cb0000, 0x000001bc68ce0000]
CodeHeap 'non-nmethods': size=5760Kb used=1303Kb max_used=1320Kb free=4456Kb
 bounds [0x000001bc68ce0000, 0x000001bc68f50000, 0x000001bc69280000]
CodeCache: size=245760Kb, used=7491Kb, max_used=7508Kb, free=238266Kb
 total_blobs=3195, nmethods=2613, adapters=488, full_count=0
Compilation: enabled, stopped_count=0, restarted_count=0

Compilation events (20 events):
Event: 3.267 Thread 0x000001bc75016700 2609       3       org.lombokweb.asm.ByteVector::putByteArray (49 bytes)
Event: 3.267 Thread 0x000001bc75016700 nmethod 2609 0x000001bc61c9a790 code [0x000001bc61c9a960, 0x000001bc61c9ac28]
Event: 3.267 Thread 0x000001bc75016700 2604       3       org.lombokweb.asm.MethodVisitor::visitJumpInsn (17 bytes)
Event: 3.267 Thread 0x000001bc75016700 nmethod 2604 0x000001bc61c9ad90 code [0x000001bc61c9af40, 0x000001bc61c9b148]
Event: 3.267 Thread 0x000001bc75016700 2606       3       org.lombokweb.asm.Label::addForwardReference (102 bytes)
Event: 3.267 Thread 0x000001bc75016700 nmethod 2606 0x000001bc61c9b210 code [0x000001bc61c9b3e0, 0x000001bc61c9b840]
Event: 3.267 Thread 0x000001bc75016700 2605       1       lombok.patcher.MethodLogistics::getReturnOpcode (5 bytes)
Event: 3.267 Thread 0x000001bc75016700 nmethod 2605 0x000001bc69397a90 code [0x000001bc69397c20, 0x000001bc69397ce8]
Event: 3.267 Thread 0x000001bc75016700 2603       3       java.util.regex.Pattern$BranchConn::match (11 bytes)
Event: 3.267 Thread 0x000001bc75016700 nmethod 2603 0x000001bc61c9ba10 code [0x000001bc61c9bbc0, 0x000001bc61c9bd98]
Event: 3.269 Thread 0x000001bc7a6ed890 2610   !   4       java.util.WeakHashMap::expungeStaleEntries (139 bytes)
Event: 3.274 Thread 0x000001bc7a6ed890 nmethod 2610 0x000001bc69397d90 code [0x000001bc69397f80, 0x000001bc69398348]
Event: 3.284 Thread 0x000001bc7a6ed890 2611       4       org.lombokweb.asm.MethodWriter::canCopyMethodAttributes (163 bytes)
Event: 3.284 Thread 0x000001bc75016700 2613       3       org.lombokweb.asm.MethodWriter::visitFrame (811 bytes)
Event: 3.286 Thread 0x000001bc75016700 nmethod 2613 0x000001bc61c9be90 code [0x000001bc61c9c3e0, 0x000001bc61c9e650]
Event: 3.286 Thread 0x000001bc75016700 2614       3       org.lombokweb.asm.ClassReader::readStackMapFrame (535 bytes)
Event: 3.287 Thread 0x000001bc75016700 nmethod 2614 0x000001bc61c9f590 code [0x000001bc61c9f840, 0x000001bc61ca0810]
Event: 3.291 Thread 0x000001bc7a6ed890 nmethod 2611 0x000001bc69398790 code [0x000001bc69398940, 0x000001bc69398cb8]
Event: 3.291 Thread 0x000001bc7a6ed890 2612       4       org.lombokweb.asm.Type::getArgumentsAndReturnSizes (140 bytes)
Event: 3.297 Thread 0x000001bc7a6ed890 nmethod 2612 0x000001bc69398f90 code [0x000001bc693991c0, 0x000001bc69399ae8]

GC Heap History (8 events):
Event: 0.652 GC heap before
{Heap before GC invocations=1 (full 0):
 PSYoungGen      total 29696K, used 25600K [0x00000000d5580000, 0x00000000d7680000, 0x0000000100000000)
  eden space 25600K, 100% used [0x00000000d5580000,0x00000000d6e80000,0x00000000d6e80000)
  from space 4096K, 0% used [0x00000000d7280000,0x00000000d7280000,0x00000000d7680000)
  to   space 4096K, 0% used [0x00000000d6e80000,0x00000000d6e80000,0x00000000d7280000)
 ParOldGen       total 68608K, used 0K [0x0000000080000000, 0x0000000084300000, 0x00000000d5580000)
  object space 68608K, 0% used [0x0000000080000000,0x0000000080000000,0x0000000084300000)
 Metaspace       used 4351K, committed 4608K, reserved 1114112K
  class space    used 474K, committed 576K, reserved 1048576K
}
Event: 0.661 GC heap after
{Heap after GC invocations=1 (full 0):
 PSYoungGen      total 29696K, used 3335K [0x00000000d5580000, 0x00000000d7680000, 0x0000000100000000)
  eden space 25600K, 0% used [0x00000000d5580000,0x00000000d5580000,0x00000000d6e80000)
  from space 4096K, 81% used [0x00000000d6e80000,0x00000000d71c1e98,0x00000000d7280000)
  to   space 4096K, 0% used [0x00000000d7280000,0x00000000d7280000,0x00000000d7680000)
 ParOldGen       total 68608K, used 0K [0x0000000080000000, 0x0000000084300000, 0x00000000d5580000)
  object space 68608K, 0% used [0x0000000080000000,0x0000000080000000,0x0000000084300000)
 Metaspace       used 4351K, committed 4608K, reserved 1114112K
  class space    used 474K, committed 576K, reserved 1048576K
}
Event: 1.494 GC heap before
{Heap before GC invocations=2 (full 0):
 PSYoungGen      total 29696K, used 28935K [0x00000000d5580000, 0x00000000d7680000, 0x0000000100000000)
  eden space 25600K, 100% used [0x00000000d5580000,0x00000000d6e80000,0x00000000d6e80000)
  from space 4096K, 81% used [0x00000000d6e80000,0x00000000d71c1e98,0x00000000d7280000)
  to   space 4096K, 0% used [0x00000000d7280000,0x00000000d7280000,0x00000000d7680000)
 ParOldGen       total 68608K, used 0K [0x0000000080000000, 0x0000000084300000, 0x00000000d5580000)
  object space 68608K, 0% used [0x0000000080000000,0x0000000080000000,0x0000000084300000)
 Metaspace       used 8127K, committed 8448K, reserved 1114112K
  class space    used 860K, committed 960K, reserved 1048576K
}
Event: 1.500 GC heap after
{Heap after GC invocations=2 (full 0):
 PSYoungGen      total 29696K, used 4086K [0x00000000d5580000, 0x00000000d7680000, 0x0000000100000000)
  eden space 25600K, 0% used [0x00000000d5580000,0x00000000d5580000,0x00000000d6e80000)
  from space 4096K, 99% used [0x00000000d7280000,0x00000000d767d810,0x00000000d7680000)
  to   space 4096K, 0% used [0x00000000d6e80000,0x00000000d6e80000,0x00000000d7280000)
 ParOldGen       total 68608K, used 1125K [0x0000000080000000, 0x0000000084300000, 0x00000000d5580000)
  object space 68608K, 1% used [0x0000000080000000,0x00000000801196b8,0x0000000084300000)
 Metaspace       used 8127K, committed 8448K, reserved 1114112K
  class space    used 860K, committed 960K, reserved 1048576K
}
Event: 2.391 GC heap before
{Heap before GC invocations=3 (full 0):
 PSYoungGen      total 29696K, used 29686K [0x00000000d5580000, 0x00000000d7680000, 0x0000000100000000)
  eden space 25600K, 100% used [0x00000000d5580000,0x00000000d6e80000,0x00000000d6e80000)
  from space 4096K, 99% used [0x00000000d7280000,0x00000000d767d810,0x00000000d7680000)
  to   space 4096K, 0% used [0x00000000d6e80000,0x00000000d6e80000,0x00000000d7280000)
 ParOldGen       total 68608K, used 1125K [0x0000000080000000, 0x0000000084300000, 0x00000000d5580000)
  object space 68608K, 1% used [0x0000000080000000,0x00000000801196b8,0x0000000084300000)
 Metaspace       used 12974K, committed 13440K, reserved 1114112K
  class space    used 1372K, committed 1600K, reserved 1048576K
}
Event: 2.396 GC heap after
{Heap after GC invocations=3 (full 0):
 PSYoungGen      total 29696K, used 4092K [0x00000000d5580000, 0x00000000d7680000, 0x0000000100000000)
  eden space 25600K, 0% used [0x00000000d5580000,0x00000000d5580000,0x00000000d6e80000)
  from space 4096K, 99% used [0x00000000d6e80000,0x00000000d727f078,0x00000000d7280000)
  to   space 4096K, 0% used [0x00000000d7280000,0x00000000d7280000,0x00000000d7680000)
 ParOldGen       total 68608K, used 2873K [0x0000000080000000, 0x0000000084300000, 0x00000000d5580000)
  object space 68608K, 4% used [0x0000000080000000,0x00000000802ce778,0x0000000084300000)
 Metaspace       used 12974K, committed 13440K, reserved 1114112K
  class space    used 1372K, committed 1600K, reserved 1048576K
}
Event: 3.013 GC heap before
{Heap before GC invocations=4 (full 0):
 PSYoungGen      total 29696K, used 29692K [0x00000000d5580000, 0x00000000d7680000, 0x0000000100000000)
  eden space 25600K, 100% used [0x00000000d5580000,0x00000000d6e80000,0x00000000d6e80000)
  from space 4096K, 99% used [0x00000000d6e80000,0x00000000d727f078,0x00000000d7280000)
  to   space 4096K, 0% used [0x00000000d7280000,0x00000000d7280000,0x00000000d7680000)
 ParOldGen       total 68608K, used 2873K [0x0000000080000000, 0x0000000084300000, 0x00000000d5580000)
  object space 68608K, 4% used [0x0000000080000000,0x00000000802ce778,0x0000000084300000)
 Metaspace       used 15975K, committed 16640K, reserved 1114112K
  class space    used 1660K, committed 1984K, reserved 1048576K
}
Event: 3.017 GC heap after
{Heap after GC invocations=4 (full 0):
 PSYoungGen      total 29696K, used 4082K [0x00000000d5580000, 0x00000000d7680000, 0x0000000100000000)
  eden space 25600K, 0% used [0x00000000d5580000,0x00000000d5580000,0x00000000d6e80000)
  from space 4096K, 99% used [0x00000000d7280000,0x00000000d767cac8,0x00000000d7680000)
  to   space 4096K, 0% used [0x00000000d6e80000,0x00000000d6e80000,0x00000000d7280000)
 ParOldGen       total 68608K, used 5152K [0x0000000080000000, 0x0000000084300000, 0x00000000d5580000)
  object space 68608K, 7% used [0x0000000080000000,0x00000000805083d0,0x0000000084300000)
 Metaspace       used 15975K, committed 16640K, reserved 1114112K
  class space    used 1660K, committed 1984K, reserved 1048576K
}

Dll operation events (9 events):
Event: 0.008 Loaded shared library c:\Users\student.APROTRAIN-APTEC\.vscode\extensions\redhat.java-1.54.0-win32-x64\jre\21.0.10-win32-x86_64\bin\java.dll
Event: 0.077 Loaded shared library c:\Users\student.APROTRAIN-APTEC\.vscode\extensions\redhat.java-1.54.0-win32-x64\jre\21.0.10-win32-x86_64\bin\zip.dll
Event: 0.102 Loaded shared library C:\Users\student.APROTRAIN-APTEC\.vscode\extensions\redhat.java-1.54.0-win32-x64\jre\21.0.10-win32-x86_64\bin\instrument.dll
Event: 0.107 Loaded shared library C:\Users\student.APROTRAIN-APTEC\.vscode\extensions\redhat.java-1.54.0-win32-x64\jre\21.0.10-win32-x86_64\bin\net.dll
Event: 0.109 Loaded shared library C:\Users\student.APROTRAIN-APTEC\.vscode\extensions\redhat.java-1.54.0-win32-x64\jre\21.0.10-win32-x86_64\bin\nio.dll
Event: 0.111 Loaded shared library C:\Users\student.APROTRAIN-APTEC\.vscode\extensions\redhat.java-1.54.0-win32-x64\jre\21.0.10-win32-x86_64\bin\zip.dll
Event: 0.126 Loaded shared library C:\Users\student.APROTRAIN-APTEC\.vscode\extensions\redhat.java-1.54.0-win32-x64\jre\21.0.10-win32-x86_64\bin\jimage.dll
Event: 0.191 Loaded shared library c:\Users\student.APROTRAIN-APTEC\.vscode\extensions\redhat.java-1.54.0-win32-x64\jre\21.0.10-win32-x86_64\bin\verify.dll
Event: 1.451 Loaded shared library C:\Users\student.APROTRAIN-APTEC\AppData\Roaming\Code\User\globalStorage\redhat.java\1.54.0\config_ss_win\org.eclipse.equinox.launcher\org.eclipse.equinox.launcher.win32.win32.x86_64_1.3.0.v20260203-2149\eclipse_11919.dll

Deoptimization events (20 events):
Event: 2.862 Thread 0x000001bc7ab652a0 Uncommon trap: trap_request=0xffffff45 fr.pc=0x000001bc69375720 relative=0x00000000000006e0
Event: 2.862 Thread 0x000001bc7ab652a0 Uncommon trap: reason=unstable_if action=reinterpret pc=0x000001bc69375720 method=java.util.regex.Matcher.search(I)Z @ 30 c2
Event: 2.862 Thread 0x000001bc7ab652a0 DEOPT PACKING pc=0x000001bc69375720 sp=0x0000009e1a5f3a20
Event: 2.862 Thread 0x000001bc7ab652a0 DEOPT UNPACKING pc=0x000001bc68d33aa2 sp=0x0000009e1a5f39f0 mode 2
Event: 2.862 Thread 0x000001bc7ab652a0 Uncommon trap: trap_request=0xffffffde fr.pc=0x000001bc69374944 relative=0x00000000000003e4
Event: 2.862 Thread 0x000001bc7ab652a0 Uncommon trap: reason=class_check action=maybe_recompile pc=0x000001bc69374944 method=java.util.regex.Pattern$BmpCharPropertyGreedy.match(Ljava/util/regex/Matcher;ILjava/lang/CharSequence;)Z @ 70 c2
Event: 2.862 Thread 0x000001bc7ab652a0 DEOPT PACKING pc=0x000001bc69374944 sp=0x0000009e1a5f3680
Event: 2.862 Thread 0x000001bc7ab652a0 DEOPT UNPACKING pc=0x000001bc68d33aa2 sp=0x0000009e1a5f3628 mode 2
Event: 2.862 Thread 0x000001bc7ab652a0 Uncommon trap: trap_request=0xffffffde fr.pc=0x000001bc69374944 relative=0x00000000000003e4
Event: 2.862 Thread 0x000001bc7ab652a0 Uncommon trap: reason=class_check action=maybe_recompile pc=0x000001bc69374944 method=java.util.regex.Pattern$BmpCharPropertyGreedy.match(Ljava/util/regex/Matcher;ILjava/lang/CharSequence;)Z @ 70 c2
Event: 2.862 Thread 0x000001bc7ab652a0 DEOPT PACKING pc=0x000001bc69374944 sp=0x0000009e1a5f34d0
Event: 2.862 Thread 0x000001bc7ab652a0 DEOPT UNPACKING pc=0x000001bc68d33aa2 sp=0x0000009e1a5f3478 mode 2
Event: 3.264 Thread 0x000001bc7ab652a0 Uncommon trap: trap_request=0xffffff45 fr.pc=0x000001bc69396c84 relative=0x0000000000000164
Event: 3.264 Thread 0x000001bc7ab652a0 Uncommon trap: reason=unstable_if action=reinterpret pc=0x000001bc69396c84 method=org.lombokweb.asm.ByteVector.putByteArray([BII)Lorg/lombokweb/asm/ByteVector; @ 20 c2
Event: 3.264 Thread 0x000001bc7ab652a0 DEOPT PACKING pc=0x000001bc69396c84 sp=0x0000009e1a5eeec0
Event: 3.264 Thread 0x000001bc7ab652a0 DEOPT UNPACKING pc=0x000001bc68d33aa2 sp=0x0000009e1a5eee90 mode 2
Event: 3.264 Thread 0x000001bc7ab652a0 Uncommon trap: trap_request=0xffffff45 fr.pc=0x000001bc693965d0 relative=0x0000000000000390
Event: 3.264 Thread 0x000001bc7ab652a0 Uncommon trap: reason=unstable_if action=reinterpret pc=0x000001bc693965d0 method=org.lombokweb.asm.Label.resolve([BLorg/lombokweb/asm/ByteVector;I)Z @ 81 c2
Event: 3.264 Thread 0x000001bc7ab652a0 DEOPT PACKING pc=0x000001bc693965d0 sp=0x0000009e1a5eef50
Event: 3.264 Thread 0x000001bc7ab652a0 DEOPT UNPACKING pc=0x000001bc68d33aa2 sp=0x0000009e1a5eee58 mode 2

Classes loaded (20 events):
Event: 2.876 Loading class java/util/zip/GZIPInputStream
Event: 2.876 Loading class java/util/zip/GZIPInputStream done
Event: 2.910 Loading class java/io/StringReader
Event: 2.910 Loading class java/io/StringReader done
Event: 2.911 Loading class java/net/SocketTimeoutException
Event: 2.911 Loading class java/io/InterruptedIOException
Event: 2.911 Loading class java/io/InterruptedIOException done
Event: 2.911 Loading class java/net/SocketTimeoutException done
Event: 2.911 Loading class java/net/SocketException
Event: 2.911 Loading class java/net/SocketException done
Event: 2.911 Loading class java/net/UnknownHostException
Event: 2.911 Loading class java/net/UnknownHostException done
Event: 2.911 Loading class java/net/ProtocolException
Event: 2.911 Loading class java/net/ProtocolException done
Event: 2.932 Loading class java/lang/ThreadLocal$SuppliedThreadLocal
Event: 2.932 Loading class java/lang/ThreadLocal$SuppliedThreadLocal done
Event: 2.937 Loading class java/io/FileWriter
Event: 2.937 Loading class java/io/FileWriter done
Event: 2.937 Loading class java/lang/NegativeArraySizeException
Event: 2.937 Loading class java/lang/NegativeArraySizeException done

Classes unloaded (0 events):
No events

Classes redefined (0 events):
No events

Internal exceptions (20 events):
Event: 2.469 Thread 0x000001bc7ab652a0 Exception <a 'java/io/FileNotFoundException'{0x00000000d57c4a30}> (0x00000000d57c4a30) 
thrown [s\src\hotspot\share\prims\jni.cpp, line 520]
Event: 2.470 Thread 0x000001bc7ab652a0 Exception <a 'java/io/FileNotFoundException'{0x00000000d57cc0b0}> (0x00000000d57cc0b0) 
thrown [s\src\hotspot\share\prims\jni.cpp, line 520]
Event: 2.646 Thread 0x000001bc7ab652a0 Exception <a 'java/lang/NoSuchMethodError'{0x00000000d5d20720}: 'java.lang.Object java.lang.invoke.DirectMethodHandle$Holder.newInvokeSpecial(java.lang.Object, java.lang.Object, java.lang.Object, java.lang.Object, java.lang.Object)'> (0x00000000d5d20720) 
thrown [s\src\hotspot\share\interpreter\linkResolver.cpp, line 773]
Event: 2.663 Thread 0x000001bc7ab652a0 Exception <a 'java/lang/NoSuchMethodError'{0x00000000d5dffef0}: 'java.lang.Object java.lang.invoke.DirectMethodHandle$Holder.invokeSpecial(java.lang.Object, java.lang.Object, java.lang.Object, long, java.lang.Object)'> (0x00000000d5dffef0) 
thrown [s\src\hotspot\share\interpreter\linkResolver.cpp, line 773]
Event: 2.663 Thread 0x000001bc7ab652a0 Exception <a 'java/lang/NoSuchMethodError'{0x00000000d5e07738}: 'java.lang.Object java.lang.invoke.DirectMethodHandle$Holder.newInvokeSpecial(java.lang.Object, java.lang.Object, java.lang.Object, long)'> (0x00000000d5e07738) 
thrown [s\src\hotspot\share\interpreter\linkResolver.cpp, line 773]
Event: 2.663 Thread 0x000001bc7ab652a0 Exception <a 'java/lang/NoSuchMethodError'{0x00000000d5e0bae8}: 'java.lang.Object java.lang.invoke.DirectMethodHandle$Holder.invokeSpecial(java.lang.Object, java.lang.Object, java.lang.Object, java.lang.Object, long)'> (0x00000000d5e0bae8) 
thrown [s\src\hotspot\share\interpreter\linkResolver.cpp, line 773]
Event: 2.663 Thread 0x000001bc7ab652a0 Exception <a 'java/lang/NoSuchMethodError'{0x00000000d5e0f708}: 'java.lang.Object java.lang.invoke.Invokers$Holder.linkToTargetMethod(java.lang.Object, java.lang.Object, long, java.lang.Object)'> (0x00000000d5e0f708) 
thrown [s\src\hotspot\share\interpreter\linkResolver.cpp, line 773]
Event: 2.670 Thread 0x000001bc7ab652a0 Exception <a 'java/lang/NoSuchMethodError'{0x00000000d5e68b88}: 'int java.lang.invoke.DirectMethodHandle$Holder.invokeStaticInit(java.lang.Object, java.lang.Object, java.lang.Object)'> (0x00000000d5e68b88) 
thrown [s\src\hotspot\share\interpreter\linkResolver.cpp, line 773]
Event: 2.760 Thread 0x000001bc7ab652a0 Exception <a 'java/lang/IncompatibleClassChangeError'{0x00000000d5f1ff98}: Found class java.lang.Object, but interface was expected> (0x00000000d5f1ff98) 
thrown [s\src\hotspot\share\interpreter\linkResolver.cpp, line 840]
Event: 2.761 Thread 0x000001bc7ab652a0 Exception <a 'java/lang/NoSuchMethodError'{0x00000000d5f23b48}: 'java.lang.Object java.lang.invoke.DirectMethodHandle$Holder.invokeSpecial(java.lang.Object, java.lang.Object, java.lang.Object, int, java.lang.Object, java.lang.Object)'> (0x00000000d5f23b48) 
thrown [s\src\hotspot\share\interpreter\linkResolver.cpp, line 773]
Event: 2.761 Thread 0x000001bc7ab652a0 Exception <a 'java/lang/NoSuchMethodError'{0x00000000d5f39660}: 'java.lang.Object java.lang.invoke.DirectMethodHandle$Holder.newInvokeSpecial(java.lang.Object, java.lang.Object, java.lang.Object, int, java.lang.Object)'> (0x00000000d5f39660) 
thrown [s\src\hotspot\share\interpreter\linkResolver.cpp, line 773]
Event: 2.762 Thread 0x000001bc7ab652a0 Exception <a 'java/lang/NoSuchMethodError'{0x00000000d5f3d5e0}: 'java.lang.Object java.lang.invoke.DirectMethodHandle$Holder.invokeSpecial(java.lang.Object, java.lang.Object, java.lang.Object, java.lang.Object, int, java.lang.Object)'> (0x00000000d5f3d5e0) 
thrown [s\src\hotspot\share\interpreter\linkResolver.cpp, line 773]
Event: 2.762 Thread 0x000001bc7ab652a0 Exception <a 'java/lang/NoSuchMethodError'{0x00000000d5f41120}: 'java.lang.Object java.lang.invoke.Invokers$Holder.linkToTargetMethod(java.lang.Object, java.lang.Object, int, java.lang.Object, java.lang.Object)'> (0x00000000d5f41120) 
thrown [s\src\hotspot\share\interpreter\linkResolver.cpp, line 773]
Event: 2.762 Thread 0x000001bc7ab64580 Exception <a 'java/lang/NoSuchMethodError'{0x00000000d5e99b78}: 'java.lang.Object java.lang.invoke.DirectMethodHandle$Holder.invokeSpecial(java.lang.Object, java.lang.Object, int, java.lang.Object, java.lang.Object)'> (0x00000000d5e99b78) 
thrown [s\src\hotspot\share\interpreter\linkResolver.cpp, line 773]
Event: 2.763 Thread 0x000001bc7ab64580 Exception <a 'java/lang/NoSuchMethodError'{0x00000000d5ea08b0}: 'java.lang.Object java.lang.invoke.DirectMethodHandle$Holder.newInvokeSpecial(java.lang.Object, java.lang.Object, int, java.lang.Object)'> (0x00000000d5ea08b0) 
thrown [s\src\hotspot\share\interpreter\linkResolver.cpp, line 773]
Event: 2.763 Thread 0x000001bc7ab64580 Exception <a 'java/lang/NoSuchMethodError'{0x00000000d5ea4190}: 'java.lang.Object java.lang.invoke.DirectMethodHandle$Holder.invokeSpecial(java.lang.Object, java.lang.Object, java.lang.Object, int, java.lang.Object)'> (0x00000000d5ea4190) 
thrown [s\src\hotspot\share\interpreter\linkResolver.cpp, line 773]
Event: 2.778 Thread 0x000001bc7ab652a0 Exception <a 'java/lang/NoSuchMethodError'{0x00000000d6064ea0}: 'void java.lang.invoke.DirectMethodHandle$Holder.invokeSpecial(java.lang.Object, java.lang.Object, java.lang.Object, java.lang.Object, java.lang.Object)'> (0x00000000d6064ea0) 
thrown [s\src\hotspot\share\interpreter\linkResolver.cpp, line 773]
Event: 2.846 Thread 0x000001bc7ab652a0 Exception <a 'java/lang/NoSuchMethodError'{0x00000000d6292f18}: 'double java.lang.invoke.DirectMethodHandle$Holder.invokeStatic(java.lang.Object, java.lang.Object)'> (0x00000000d6292f18) 
thrown [s\src\hotspot\share\interpreter\linkResolver.cpp, line 773]
Event: 2.846 Thread 0x000001bc7ab652a0 Exception <a 'java/lang/NoSuchMethodError'{0x00000000d62965d8}: 'double java.lang.invoke.DirectMethodHandle$Holder.invokeStaticInit(java.lang.Object, java.lang.Object)'> (0x00000000d62965d8) 
thrown [s\src\hotspot\share\interpreter\linkResolver.cpp, line 773]
Event: 3.264 Thread 0x000001bc7ab652a0 Implicit null exception at 0x000001bc69396b75 to 0x000001bc69396c68

ZGC Phase Switch (0 events):
No events

VM Operations (20 events):
Event: 1.085 Executing non-safepoint VM operation: HandshakeAllThreads (Deoptimize)
Event: 1.085 Executing non-safepoint VM operation: HandshakeAllThreads (Deoptimize) done
Event: 1.099 Executing non-safepoint VM operation: HandshakeAllThreads (Deoptimize)
Event: 1.099 Executing non-safepoint VM operation: HandshakeAllThreads (Deoptimize) done
Event: 1.493 Executing safepoint VM operation: ParallelGCFailedAllocation (Allocation Failure)
Event: 1.500 Executing safepoint VM operation: ParallelGCFailedAllocation (Allocation Failure) done
Event: 1.800 Executing non-safepoint VM operation: HandshakeAllThreads (Deoptimize)
Event: 1.808 Executing non-safepoint VM operation: HandshakeAllThreads (Deoptimize) done
Event: 2.235 Executing non-safepoint VM operation: HandshakeAllThreads (Deoptimize)
Event: 2.235 Executing non-safepoint VM operation: HandshakeAllThreads (Deoptimize) done
Event: 2.391 Executing safepoint VM operation: ParallelGCFailedAllocation (Allocation Failure)
Event: 2.396 Executing safepoint VM operation: ParallelGCFailedAllocation (Allocation Failure) done
Event: 2.486 Executing non-safepoint VM operation: HandshakeAllThreads (Deoptimize)
Event: 2.486 Executing non-safepoint VM operation: HandshakeAllThreads (Deoptimize) done
Event: 2.492 Executing non-safepoint VM operation: HandshakeAllThreads (Deoptimize)
Event: 2.492 Executing non-safepoint VM operation: HandshakeAllThreads (Deoptimize) done
Event: 2.517 Executing non-safepoint VM operation: HandshakeAllThreads (Deoptimize)
Event: 2.517 Executing non-safepoint VM operation: HandshakeAllThreads (Deoptimize) done
Event: 3.013 Executing safepoint VM operation: ParallelGCFailedAllocation (Allocation Failure)
Event: 3.017 Executing safepoint VM operation: ParallelGCFailedAllocation (Allocation Failure) done

Memory protections (0 events):
No events

Nmethod flushes (0 events):
No events

Events (20 events):
Event: 0.045 Thread 0x000001bc5c310240 Thread added: 0x000001bc5e66af80
Event: 0.045 Thread 0x000001bc5c310240 Thread added: 0x000001bc5e66e600
Event: 0.045 Thread 0x000001bc5c310240 Thread added: 0x000001bc74fa0cd0
Event: 0.045 Thread 0x000001bc5c310240 Thread added: 0x000001bc74fa1d50
Event: 0.045 Thread 0x000001bc5c310240 Thread added: 0x000001bc74fa5930
Event: 0.045 Thread 0x000001bc5c310240 Thread added: 0x000001bc74fa6390
Event: 0.045 Thread 0x000001bc5c310240 Thread added: 0x000001bc74fa71d0
Event: 0.049 Thread 0x000001bc5c310240 Thread added: 0x000001bc75016700
Event: 0.104 Thread 0x000001bc5c310240 Thread added: 0x000001bc7a0e9f40
Event: 0.184 Thread 0x000001bc75016700 Thread added: 0x000001bc7a1bd020
Event: 0.271 Thread 0x000001bc5c310240 Thread added: 0x000001bc7a3163c0
Event: 1.027 Thread 0x000001bc5c310240 Thread added: 0x000001bc7aab07a0
Event: 1.281 Thread 0x000001bc7a1bd020 Thread exited: 0x000001bc7a1bd020
Event: 1.426 Thread 0x000001bc5c310240 Thread added: 0x000001bc7aa24af0
Event: 1.437 Thread 0x000001bc5c310240 Thread added: 0x000001bc7ab652a0
Event: 1.767 Thread 0x000001bc7ab652a0 Thread added: 0x000001bc7ab63ef0
Event: 1.984 Thread 0x000001bc75016700 Thread added: 0x000001bc7a6ed890
Event: 2.280 Thread 0x000001bc7ab652a0 Thread added: 0x000001bc7ab65fc0
Event: 2.666 Thread 0x000001bc7ab652a0 Thread added: 0x000001bc7ab64580
Event: 2.763 Thread 0x000001bc7ab652a0 Thread added: 0x000001bc7ab66650


Dynamic libraries:
0x00007ff694500000 - 0x00007ff69450e000 	c:\Users\student.APROTRAIN-APTEC\.vscode\extensions\redhat.java-1.54.0-win32-x64\jre\21.0.10-win32-x86_64\bin\java.exe
0x00007ffb7bbb0000 - 0x00007ffb7bda8000 	C:\Windows\SYSTEM32\ntdll.dll
0x00007ffb7b8d0000 - 0x00007ffb7b992000 	C:\Windows\System32\KERNEL32.DLL
0x00007ffb798c0000 - 0x00007ffb79bb6000 	C:\Windows\System32\KERNELBASE.dll
0x00007ffb76380000 - 0x00007ffb76414000 	C:\Windows\SYSTEM32\apphelp.dll
0x00007ffb79430000 - 0x00007ffb79530000 	C:\Windows\System32\ucrtbase.dll
0x00007ffb38970000 - 0x00007ffb38988000 	c:\Users\student.APROTRAIN-APTEC\.vscode\extensions\redhat.java-1.54.0-win32-x64\jre\21.0.10-win32-x86_64\bin\jli.dll
0x00007ffb7b9d0000 - 0x00007ffb7bb6d000 	C:\Windows\System32\USER32.dll
0x00007ffb795c0000 - 0x00007ffb795e2000 	C:\Windows\System32\win32u.dll
0x00007ffb7a170000 - 0x00007ffb7a19b000 	C:\Windows\System32\GDI32.dll
0x00007ffb797a0000 - 0x00007ffb798ba000 	C:\Windows\System32\gdi32full.dll
0x00007ffb79230000 - 0x00007ffb792cd000 	C:\Windows\System32\msvcp_win.dll
0x00007ffb3d600000 - 0x00007ffb3d61e000 	c:\Users\student.APROTRAIN-APTEC\.vscode\extensions\redhat.java-1.54.0-win32-x64\jre\21.0.10-win32-x86_64\bin\VCRUNTIME140.dll
0x00007ffb6e120000 - 0x00007ffb6e3ba000 	C:\Windows\WinSxS\amd64_microsoft.windows.common-controls_6595b64144ccf1df_6.0.19041.4355_none_60b8b9eb71f62e16\COMCTL32.dll
0x00007ffb79d70000 - 0x00007ffb79e0e000 	C:\Windows\System32\msvcrt.dll
0x00007ffb7b9a0000 - 0x00007ffb7b9cf000 	C:\Windows\System32\IMM32.DLL
0x00007ffb70720000 - 0x00007ffb7072c000 	c:\Users\student.APROTRAIN-APTEC\.vscode\extensions\redhat.java-1.54.0-win32-x64\jre\21.0.10-win32-x86_64\bin\vcruntime140_1.dll
0x00007ffb33190000 - 0x00007ffb3321d000 	c:\Users\student.APROTRAIN-APTEC\.vscode\extensions\redhat.java-1.54.0-win32-x64\jre\21.0.10-win32-x86_64\bin\msvcp140.dll
0x00007ffaf1d90000 - 0x00007ffaf2b31000 	c:\Users\student.APROTRAIN-APTEC\.vscode\extensions\redhat.java-1.54.0-win32-x64\jre\21.0.10-win32-x86_64\bin\server\jvm.dll
0x00007ffb7af10000 - 0x00007ffb7afc1000 	C:\Windows\System32\ADVAPI32.dll
0x00007ffb7a1a0000 - 0x00007ffb7a23f000 	C:\Windows\System32\sechost.dll
0x00007ffb7afd0000 - 0x00007ffb7b0f3000 	C:\Windows\System32\RPCRT4.dll
0x00007ffb796f0000 - 0x00007ffb79717000 	C:\Windows\System32\bcrypt.dll
0x00007ffb7a480000 - 0x00007ffb7a4eb000 	C:\Windows\System32\WS2_32.dll
0x00007ffb79110000 - 0x00007ffb7915b000 	C:\Windows\SYSTEM32\POWRPROF.dll
0x00007ffb579b0000 - 0x00007ffb579d7000 	C:\Windows\SYSTEM32\WINMM.dll
0x00007ffb75db0000 - 0x00007ffb75dba000 	C:\Windows\SYSTEM32\VERSION.dll
0x00007ffb79070000 - 0x00007ffb79082000 	C:\Windows\SYSTEM32\UMPDC.dll
0x00007ffb76ef0000 - 0x00007ffb76f02000 	C:\Windows\SYSTEM32\kernel.appcore.dll
0x00007ffb6f950000 - 0x00007ffb6f95a000 	c:\Users\student.APROTRAIN-APTEC\.vscode\extensions\redhat.java-1.54.0-win32-x64\jre\21.0.10-win32-x86_64\bin\jimage.dll
0x00007ffb6e760000 - 0x00007ffb6e944000 	C:\Windows\SYSTEM32\DBGHELP.DLL
0x00007ffb6bb60000 - 0x00007ffb6bb94000 	C:\Windows\SYSTEM32\dbgcore.DLL
0x00007ffb79530000 - 0x00007ffb795b2000 	C:\Windows\System32\bcryptPrimitives.dll
0x00007ffb5d110000 - 0x00007ffb5d11f000 	c:\Users\student.APROTRAIN-APTEC\.vscode\extensions\redhat.java-1.54.0-win32-x64\jre\21.0.10-win32-x86_64\bin\instrument.dll
0x00007ffb32fb0000 - 0x00007ffb32fd0000 	c:\Users\student.APROTRAIN-APTEC\.vscode\extensions\redhat.java-1.54.0-win32-x64\jre\21.0.10-win32-x86_64\bin\java.dll
0x00007ffb7b160000 - 0x00007ffb7b8cf000 	C:\Windows\System32\SHELL32.dll
0x00007ffb770f0000 - 0x00007ffb77893000 	C:\Windows\SYSTEM32\windows.storage.dll
0x00007ffb79e10000 - 0x00007ffb7a165000 	C:\Windows\System32\combase.dll
0x00007ffb78b90000 - 0x00007ffb78bbb000 	C:\Windows\SYSTEM32\Wldp.dll
0x00007ffb7ae40000 - 0x00007ffb7af0d000 	C:\Windows\System32\OLEAUT32.dll
0x00007ffb7a240000 - 0x00007ffb7a2ed000 	C:\Windows\System32\SHCORE.dll
0x00007ffb7b100000 - 0x00007ffb7b155000 	C:\Windows\System32\shlwapi.dll
0x00007ffb79160000 - 0x00007ffb79185000 	C:\Windows\SYSTEM32\profapi.dll
0x00007ffb30ad0000 - 0x00007ffb30ae8000 	c:\Users\student.APROTRAIN-APTEC\.vscode\extensions\redhat.java-1.54.0-win32-x64\jre\21.0.10-win32-x86_64\bin\zip.dll
0x00007ffb55540000 - 0x00007ffb55550000 	C:\Users\student.APROTRAIN-APTEC\.vscode\extensions\redhat.java-1.54.0-win32-x64\jre\21.0.10-win32-x86_64\bin\net.dll
0x00007ffb74da0000 - 0x00007ffb74eaa000 	C:\Windows\SYSTEM32\WINHTTP.dll
0x00007ffb788f0000 - 0x00007ffb7895c000 	C:\Windows\system32\mswsock.dll
0x00007ffb30580000 - 0x00007ffb30596000 	C:\Users\student.APROTRAIN-APTEC\.vscode\extensions\redhat.java-1.54.0-win32-x64\jre\21.0.10-win32-x86_64\bin\nio.dll
0x00007ffb54e90000 - 0x00007ffb54ea0000 	c:\Users\student.APROTRAIN-APTEC\.vscode\extensions\redhat.java-1.54.0-win32-x64\jre\21.0.10-win32-x86_64\bin\verify.dll
0x00007ffb30970000 - 0x00007ffb309b5000 	C:\Users\student.APROTRAIN-APTEC\AppData\Roaming\Code\User\globalStorage\redhat.java\1.54.0\config_ss_win\org.eclipse.equinox.launcher\org.eclipse.equinox.launcher.win32.win32.x86_64_1.3.0.v20260203-2149\eclipse_11919.dll
0x00007ffb7a350000 - 0x00007ffb7a47b000 	C:\Windows\System32\ole32.dll

JVMTI agents:
c:\Users\student.APROTRAIN-APTEC\.vscode\extensions\redhat.java-1.54.0-win32-x64\lombok\lombok-1.18.39-4050.jar path:c:\Users\student.APROTRAIN-APTEC\.vscode\extensions\redhat.java-1.54.0-win32-x64\jre\21.0.10-win32-x86_64\bin\instrument.dll, loaded, initialized, instrumentlib options:none

dbghelp: loaded successfully - version: 4.0.5 - missing functions: none
symbol engine: initialized successfully - sym options: 0x614 - pdb path: .;c:\Users\student.APROTRAIN-APTEC\.vscode\extensions\redhat.java-1.54.0-win32-x64\jre\21.0.10-win32-x86_64\bin;C:\Windows\SYSTEM32;C:\Windows\WinSxS\amd64_microsoft.windows.common-controls_6595b64144ccf1df_6.0.19041.4355_none_60b8b9eb71f62e16;c:\Users\student.APROTRAIN-APTEC\.vscode\extensions\redhat.java-1.54.0-win32-x64\jre\21.0.10-win32-x86_64\bin\server;C:\Users\student.APROTRAIN-APTEC\AppData\Roaming\Code\User\globalStorage\redhat.java\1.54.0\config_ss_win\org.eclipse.equinox.launcher\org.eclipse.equinox.launcher.win32.win32.x86_64_1.3.0.v20260203-2149

VM Arguments:
jvm_args: --add-modules=ALL-SYSTEM --add-opens=java.base/java.util=ALL-UNNAMED --add-opens=java.base/java.lang=ALL-UNNAMED --add-opens=java.base/sun.nio.fs=ALL-UNNAMED -Declipse.application=org.eclipse.jdt.ls.core.id1 -Dosgi.bundles.defaultStartLevel=4 -Declipse.product=org.eclipse.jdt.ls.core.product -Djava.import.generatesMetadataFilesAtProjectRoot=false -DDetectVMInstallationsJob.disabled=true -Dfile.encoding=utf8 -XX:+UseParallelGC -XX:GCTimeRatio=4 -XX:AdaptiveSizePolicyWeight=90 -Dsun.zip.disableMemoryMapping=true -Xmx2G -Xms100m -Xlog:disable -javaagent:c:\Users\student.APROTRAIN-APTEC\.vscode\extensions\redhat.java-1.54.0-win32-x64\lombok\lombok-1.18.39-4050.jar 
java_command: c:\Users\student.APROTRAIN-APTEC\.vscode\extensions\redhat.java-1.54.0-win32-x64\server\plugins\org.eclipse.equinox.launcher_1.7.100.v20251111-0406.jar -configuration c:\Users\student.APROTRAIN-APTEC\AppData\Roaming\Code\User\globalStorage\redhat.java\1.54.0\config_ss_win -data c:\Users\student.APROTRAIN-APTEC\AppData\Roaming\Code\User\workspaceStorage\92c5df0813675ecde4cb2892cacafeda\redhat.java\ss_ws --pipe=\\.\pipe\lsp-df68fd2fc713b74aba90e0325f6fff6c-sock
java_class_path (initial): c:\Users\student.APROTRAIN-APTEC\.vscode\extensions\redhat.java-1.54.0-win32-x64\server\plugins\org.eclipse.equinox.launcher_1.7.100.v20251111-0406.jar
Launcher Type: SUN_STANDARD

[Global flags]
    uintx AdaptiveSizePolicyWeight                 = 90                                        {product} {command line}
     intx CICompilerCount                          = 3                                         {product} {ergonomic}
    uintx GCTimeRatio                              = 4                                         {product} {command line}
   size_t InitialHeapSize                          = 104857600                                 {product} {command line}
   size_t MaxHeapSize                              = 2147483648                                {product} {command line}
   size_t MaxNewSize                               = 715653120                                 {product} {ergonomic}
   size_t MinHeapDeltaBytes                        = 524288                                    {product} {ergonomic}
   size_t MinHeapSize                              = 104857600                                 {product} {command line}
   size_t NewSize                                  = 34603008                                  {product} {ergonomic}
    uintx NonNMethodCodeHeapSize                   = 5832780                                {pd product} {ergonomic}
    uintx NonProfiledCodeHeapSize                  = 122912730                              {pd product} {ergonomic}
   size_t OldSize                                  = 70254592                                  {product} {ergonomic}
    uintx ProfiledCodeHeapSize                     = 122912730                              {pd product} {ergonomic}
    uintx ReservedCodeCacheSize                    = 251658240                              {pd product} {ergonomic}
     bool SegmentedCodeCache                       = true                                      {product} {ergonomic}
   size_t SoftMaxHeapSize                          = 2147483648                             {manageable} {ergonomic}
     bool UseCompressedOops                        = true                           {product lp64_product} {ergonomic}
     bool UseLargePagesIndividualAllocation        = false                                  {pd product} {ergonomic}
     bool UseParallelGC                            = true                                      {product} {command line}

Logging:
Log output configuration:
 #0: stdout all=off uptime,level,tags foldmultilines=false
 #1: stderr all=off uptime,level,tags foldmultilines=false

Release file:
JAVA_VERSION="21.0.10" 
MODULES="java.base java.compiler java.datatransfer java.xml java.prefs java.desktop java.instrument java.logging java.management java.security.sasl java.naming java.rmi java.management.rmi java.net.http java.scripting java.security.jgss java.transaction.xa java.sql java.sql.rowset java.xml.crypto java.se java.smartcardio jdk.accessibility jdk.internal.jvmstat jdk.attach jdk.charsets jdk.internal.opt jdk.zipfs jdk.compiler jdk.crypto.ec jdk.crypto.cryptoki jdk.crypto.mscapi jdk.dynalink jdk.internal.ed jdk.editpad jdk.hotspot.agent jdk.httpserver jdk.internal.le jdk.internal.vm.ci jdk.internal.vm.compiler jdk.internal.vm.compiler.management jdk.jartool jdk.javadoc jdk.jcmd jdk.management jdk.management.agent jdk.jconsole jdk.jdeps jdk.jdwp.agent jdk.jdi jdk.jfr jdk.jshell jdk.jsobject jdk.jstatd jdk.localedata jdk.management.jfr jdk.naming.dns jdk.naming.rmi jdk.net jdk.nio.mapmode jdk.random jdk.sctp jdk.security.auth jdk.security.jgss jdk.unsupported jdk.unsupported.desktop jdk.xml.dom" 

Environment Variables:
PATH=C:\Users\student.APROTRAIN-APTEC\AppData\Local\Programs\Microsoft VS Code;C:\Program Files\Common Files\Oracle\Java\javapath;C:\Program Files (x86)\Common Files\Oracle\Java\java8path;C:\Program Files (x86)\Common Files\Oracle\Java\javapath;C:\Windows\system32;C:\Windows;C:\Windows\System32\Wbem;C:\Windows\System32\WindowsPowerShell\v1.0\;C:\Windows\System32\OpenSSH\;C:\Program Files\Microsoft VS Code\bin;C:\mingw64\bin;C:\xampp\php;C:\composer;C:\Program Files (x86)\Microsoft SQL Server\160\Tools\Binn\;C:\Program Files\Microsoft SQL Server\160\Tools\Binn\;C:\Program Files\Microsoft SQL Server\Client SDK\ODBC\170\Tools\Binn\;C:\Program Files\Microsoft SQL Server\160\DTS\Binn\;C:\Program Files (x86)\Microsoft SQL Server\160\DTS\Binn\;C:\Program Files\Microsoft SQL Server\150\Tools\Binn\;C:\Program Files\dotnet\;C:\wildfly-20.0.0.Final\bin;C:\Users\hieu.tm\AppData\Roaming\nvm;C:\Program Files\nodejs;C:\flutter\bin;C:\Program Files\nodejs\;C:\dart-sdk\bin;C:\Program Files\Microsoft SQL Server\170\Tools\Binn\;C:\Program Files (x86)\Microsoft SQL Server\150\Tools\Binn\;C:\Program Files\Microsoft SQL Server\150\DTS\Binn\;C:\Users\student.APROTRAIN-APTEC\AppData\Local\Programs\Python\Python313\Scripts\;C:\Users\student.APROTRAIN-APTEC\AppData\Local\Programs\Python\Python313\;C:\Users\student.APROTRAIN-APTEC\AppData\Local\Programs\Python\Launcher\;C:\Users\student.APROTRAIN-APTEC\AppData\Local\Microsoft\WindowsApps;C:\Users\student.APROTRAIN-APTEC\AppData\Local\Programs\mongosh\;C:\Users\student.APROTRAIN-APTEC\AppData\Local\Programs\cursor\resources\app\bin;C:\Users\student.APROTRAIN-APTEC\AppData\Roaming\npm;C:\Users\student.APROTRAIN-APTEC\.dotnet\tools;C:\Users\student.APROTRAIN-APTEC\AppData\Local\Programs\Microsoft VS Code\bin;C:\Users\student.APROTRAIN-APTEC\AppData\Local\Programs\Git\cmd
USERNAME=student
OS=Windows_NT
PROCESSOR_IDENTIFIER=Intel64 Family 6 Model 158 Stepping 11, GenuineIntel
TMP=C:\Users\STUDEN~1.APR\AppData\Local\Temp
TEMP=C:\Users\STUDEN~1.APR\AppData\Local\Temp




Periodic native trim disabled

---------------  S Y S T E M  ---------------

OS:
 Windows 10 , 64 bit Build 19041 (10.0.19041.5678)
OS uptime: 90 days 14:39 hours

CPU: total 4 (initial active 4) (4 cores per cpu, 1 threads per core) family 6 model 158 stepping 11 microcode 0xb4, cx8, cmov, fxsr, mmx, 3dnowpref, sse, sse2, sse3, ssse3, sse4.1, sse4.2, popcnt, lzcnt, tsc, tscinvbit, avx, avx2, aes, erms, clmul, bmi1, bmi2, adx, fma, vzeroupper, clflush, clflushopt, rdtscp, f16c
Processor Information for the first 4 processors :
  Max Mhz: 3600, Current Mhz: 3600, Mhz Limit: 3600

Memory: 4k page, system-wide physical 8062M (857M free)
TotalPageFile size 12305M (AvailPageFile size 2M)
current process WorkingSet (physical memory assigned to process): 125M, peak: 125M
current process commit charge ("private bytes"): 252M, peak: 252M

vm_info: OpenJDK 64-Bit Server VM (21.0.10+7-LTS) for windows-amd64 JRE (21.0.10+7-LTS), built on 2026-01-20T00:00:00Z by "admin" with MS VC++ 17.12 (VS2022)

END.
