#
# There is insufficient memory for the Java Runtime Environment to continue.
# Native memory allocation (malloc) failed to allocate 32744 bytes for Chunk::new
# Possible reasons:
#   The system is out of physical RAM or swap space
#   The process is running with CompressedOops enabled, and the Java Heap may be blocking the growth of the native heap
# Possible solutions:
#   Reduce memory load on the system
#   Increase physical memory or swap space
#   Check if swap backing store is full
#   Decrease Java heap size (-Xmx/-Xms)
#   Decrease number of Java threads
#   Decrease Java thread stack sizes (-Xss)
#   Set larger code cache with -XX:ReservedCodeCacheSize=
#   JVM is running with Unscaled Compressed Oops mode in which the Java heap is
#     placed in the first 4GB address space. The Java Heap base address is the
#     maximum limit for the native heap growth. Please use -XX:HeapBaseMinAddress
#     to set the Java Heap base and to place the Java Heap above 4GB virtual address.
# This output file may be truncated or incomplete.
#
#  Out of Memory Error (arena.cpp:184), pid=6176, tid=1984
#
# JRE version: Java(TM) SE Runtime Environment (18.0.2.1+1) (build 18.0.2.1+1-1)
# Java VM: Java HotSpot(TM) 64-Bit Server VM (18.0.2.1+1-1, mixed mode, sharing, tiered, compressed oops, compressed class ptrs, g1 gc, windows-amd64)
# No core dump will be written. Minidumps are not enabled by default on client versions of Windows
#

---------------  S U M M A R Y ------------

Command Line: -DwatchParentProcess=false -XX:+ExitOnOutOfMemoryError -XX:+HeapDumpOnOutOfMemoryError -XX:HeapDumpPath=c:\Users\student.APROTRAIN-APTEC\AppData\Roaming\Code\User\globalStorage\redhat.vscode-xml -Xmx64M org.eclipse.lemminx.XMLServerLauncher

Host: Intel(R) Core(TM) i3-8100 CPU @ 3.60GHz, 4 cores, 7G,  Windows 10 , 64 bit Build 19041 (10.0.19041.5678)
Time: Thu Apr 16 11:27:40 2026 SE Asia Standard Time elapsed time: 1.611649 seconds (0d 0h 0m 1s)

---------------  T H R E A D  ---------------

Current thread (0x000001879a1bb2b0):  JavaThread "C2 CompilerThread0" daemon [_thread_in_native, id=1984, stack(0x00000038e2000000,0x00000038e2100000)]


Current CompileTask:
C2:   1611 1076   !   4       java.util.concurrent.ConcurrentHashMap::putVal (432 bytes)

Stack: [0x00000038e2000000,0x00000038e2100000]
Native frames: (J=compiled Java code, j=interpreted, Vv=VM code, C=native code)
V  [jvm.dll+0x6993aa]
V  [jvm.dll+0x7f46dd]
V  [jvm.dll+0x7f5fee]
V  [jvm.dll+0x7f66a3]
V  [jvm.dll+0x25cf1f]
V  [jvm.dll+0xb8c2f]
V  [jvm.dll+0xb8fa5]
V  [jvm.dll+0x6c2568]
V  [jvm.dll+0x1d2e24]
V  [jvm.dll+0x230259]
V  [jvm.dll+0x22f4d1]
V  [jvm.dll+0x1ba01c]
V  [jvm.dll+0x23ee0a]
V  [jvm.dll+0x23d0f5]
V  [jvm.dll+0x7a6dd1]
V  [jvm.dll+0x7a120a]
V  [jvm.dll+0x698255]
C  [ucrtbase.dll+0x21bb2]
C  [KERNEL32.DLL+0x17374]
C  [ntdll.dll+0x4cc91]


---------------  P R O C E S S  ---------------

Threads class SMR info:
_java_thread_list=0x000001879e6d9040, length=13, elements={
0x00000187ffe4e800, 0x000001879a19e490, 0x000001879a1b8900, 0x000001879a1b92a0,
0x000001879a1b9c40, 0x000001879a1ba5e0, 0x000001879a1bb2b0, 0x000001879a1bdca0,
0x000001879a238190, 0x000001879e443fc0, 0x000001879e44a300, 0x000001879e6cc480,
0x00000187ffd99ba0
}

Java Threads: ( => current thread )
  0x00000187ffe4e800 JavaThread "Reference Handler" daemon [_thread_blocked, id=7384, stack(0x00000038e1a00000,0x00000038e1b00000)]
  0x000001879a19e490 JavaThread "Finalizer" daemon [_thread_blocked, id=10972, stack(0x00000038e1b00000,0x00000038e1c00000)]
  0x000001879a1b8900 JavaThread "Signal Dispatcher" daemon [_thread_blocked, id=11284, stack(0x00000038e1c00000,0x00000038e1d00000)]
  0x000001879a1b92a0 JavaThread "Attach Listener" daemon [_thread_blocked, id=13316, stack(0x00000038e1d00000,0x00000038e1e00000)]
  0x000001879a1b9c40 JavaThread "Service Thread" daemon [_thread_blocked, id=13820, stack(0x00000038e1e00000,0x00000038e1f00000)]
  0x000001879a1ba5e0 JavaThread "Monitor Deflation Thread" daemon [_thread_blocked, id=11276, stack(0x00000038e1f00000,0x00000038e2000000)]
=>0x000001879a1bb2b0 JavaThread "C2 CompilerThread0" daemon [_thread_in_native, id=1984, stack(0x00000038e2000000,0x00000038e2100000)]
  0x000001879a1bdca0 JavaThread "C1 CompilerThread0" daemon [_thread_blocked, id=700, stack(0x00000038e2100000,0x00000038e2200000)]
  0x000001879a238190 JavaThread "Sweeper thread" daemon [_thread_blocked, id=7456, stack(0x00000038e2200000,0x00000038e2300000)]
  0x000001879e443fc0 JavaThread "Notification Thread" daemon [_thread_blocked, id=3876, stack(0x00000038e2300000,0x00000038e2400000)]
  0x000001879e44a300 JavaThread "Common-Cleaner" daemon [_thread_blocked, id=9904, stack(0x00000038e2500000,0x00000038e2600000)]
  0x000001879e6cc480 JavaThread "pool-4-thread-1" [_thread_in_vm, id=5404, stack(0x00000038e2600000,0x00000038e2700000)]
  0x00000187ffd99ba0 JavaThread "DestroyJavaVM" [_thread_blocked, id=8768, stack(0x00000038e1200000,0x00000038e1300000)]

Other Threads:
  0x00000187ffe4d080 VMThread "VM Thread" [stack: 0x00000038e1900000,0x00000038e1a00000] [id=11224]
  0x000001879e447ac0 WatcherThread "VM Periodic Task Thread" [stack: 0x00000038e2400000,0x00000038e2500000] [id=13864]
  0x00000187ffdbd6a0 WorkerThread "GC Thread#0" [stack: 0x00000038e1400000,0x00000038e1500000] [id=4116]
  0x000001879e72eaa0 WorkerThread "GC Thread#1" [stack: 0x00000038e2700000,0x00000038e2800000] [id=11388]
  0x000001879e72ed40 WorkerThread "GC Thread#2" [stack: 0x00000038e2800000,0x00000038e2900000] [id=14040]
  0x000001879e72efe0 WorkerThread "GC Thread#3" [stack: 0x00000038e2900000,0x00000038e2a00000] [id=5060]
  0x00000187ffdbedd0 ConcurrentGCThread "G1 Main Marker" [stack: 0x00000038e1500000,0x00000038e1600000] [id=660]
  0x00000187ffdbf7c0 WorkerThread "G1 Conc#0" [stack: 0x00000038e1600000,0x00000038e1700000] [id=7668]
  0x00000187ffde82a0 ConcurrentGCThread "G1 Refine#0" [stack: 0x00000038e1700000,0x00000038e1800000] [id=13588]
  0x00000187ffde8bb0 ConcurrentGCThread "G1 Service" [stack: 0x00000038e1800000,0x00000038e1900000] [id=12676]

Threads with active compile tasks:
C2 CompilerThread0     1631 1076   !   4       java.util.concurrent.ConcurrentHashMap::putVal (432 bytes)

VM state: not at safepoint (normal execution)

VM Mutex/Monitor currently owned by a thread: None

Heap address: 0x00000000fc000000, size: 64 MB, Compressed Oops mode: 32-bit

CDS archive(s) mapped at: [0x0000000800000000-0x0000000800ba0000-0x0000000800ba0000), size 12189696, SharedBaseAddress: 0x0000000800000000, ArchiveRelocationMode: 0.
Compressed class space mapped at: 0x0000000800c00000-0x0000000840c00000, reserved size: 1073741824
Narrow klass base: 0x0000000800000000, Narrow klass shift: 0, Narrow klass range: 0x100000000

GC Precious Log:
 CardTable entry size: 512
 Card Set container configuration: InlinePtr #cards 5 size 8 Array Of Cards #cards 12 size 40 Howl #buckets 4 coarsen threshold 1843 Howl Bitmap #cards 512 size 80 coarsen threshold 460 Card regions per heap region 1 cards per card region 2048
 CPUs: 4 total, 4 available
 Memory: 8062M
 Large Page Support: Disabled
 NUMA Support: Disabled
 Compressed Oops: Enabled (32-bit)
 Heap Region Size: 1M
 Heap Min Capacity: 8M
 Heap Initial Capacity: 64M
 Heap Max Capacity: 64M
 Pre-touch: Disabled
 Parallel Workers: 4
 Concurrent Workers: 1
 Concurrent Refinement Workers: 4
 Periodic GC: Disabled

Heap:
 garbage-first heap   total 65536K, used 5187K [0x00000000fc000000, 0x0000000100000000)
  region size 1024K, 5 young (5120K), 2 survivors (2048K)
 Metaspace       used 5570K, committed 5760K, reserved 1114112K
  class space    used 649K, committed 704K, reserved 1048576K

Heap Regions: E=young(eden), S=young(survivor), O=old, HS=humongous(starts), HC=humongous(continues), CS=collection set, F=free, OA=open archive, CA=closed archive, TAMS=top-at-mark-start (previous, next)
|   0|0x00000000fc000000, 0x00000000fc100000, 0x00000000fc100000|100%|HS|  |TAMS 0x00000000fc000000, 0x00000000fc000000| Complete 
|   1|0x00000000fc100000, 0x00000000fc110e00, 0x00000000fc200000|  6%| O|  |TAMS 0x00000000fc100000, 0x00000000fc100000| Untracked 
|   2|0x00000000fc200000, 0x00000000fc200000, 0x00000000fc300000|  0%| F|  |TAMS 0x00000000fc200000, 0x00000000fc200000| Untracked 
|   3|0x00000000fc300000, 0x00000000fc300000, 0x00000000fc400000|  0%| F|  |TAMS 0x00000000fc300000, 0x00000000fc300000| Untracked 
|   4|0x00000000fc400000, 0x00000000fc400000, 0x00000000fc500000|  0%| F|  |TAMS 0x00000000fc400000, 0x00000000fc400000| Untracked 
|   5|0x00000000fc500000, 0x00000000fc500000, 0x00000000fc600000|  0%| F|  |TAMS 0x00000000fc500000, 0x00000000fc500000| Untracked 
|   6|0x00000000fc600000, 0x00000000fc600000, 0x00000000fc700000|  0%| F|  |TAMS 0x00000000fc600000, 0x00000000fc600000| Untracked 
|   7|0x00000000fc700000, 0x00000000fc700000, 0x00000000fc800000|  0%| F|  |TAMS 0x00000000fc700000, 0x00000000fc700000| Untracked 
|   8|0x00000000fc800000, 0x00000000fc800000, 0x00000000fc900000|  0%| F|  |TAMS 0x00000000fc800000, 0x00000000fc800000| Untracked 
|   9|0x00000000fc900000, 0x00000000fc900000, 0x00000000fca00000|  0%| F|  |TAMS 0x00000000fc900000, 0x00000000fc900000| Untracked 
|  10|0x00000000fca00000, 0x00000000fca00000, 0x00000000fcb00000|  0%| F|  |TAMS 0x00000000fca00000, 0x00000000fca00000| Untracked 
|  11|0x00000000fcb00000, 0x00000000fcb00000, 0x00000000fcc00000|  0%| F|  |TAMS 0x00000000fcb00000, 0x00000000fcb00000| Untracked 
|  12|0x00000000fcc00000, 0x00000000fcc00000, 0x00000000fcd00000|  0%| F|  |TAMS 0x00000000fcc00000, 0x00000000fcc00000| Untracked 
|  13|0x00000000fcd00000, 0x00000000fcd00000, 0x00000000fce00000|  0%| F|  |TAMS 0x00000000fcd00000, 0x00000000fcd00000| Untracked 
|  14|0x00000000fce00000, 0x00000000fce00000, 0x00000000fcf00000|  0%| F|  |TAMS 0x00000000fce00000, 0x00000000fce00000| Untracked 
|  15|0x00000000fcf00000, 0x00000000fcf00000, 0x00000000fd000000|  0%| F|  |TAMS 0x00000000fcf00000, 0x00000000fcf00000| Untracked 
|  16|0x00000000fd000000, 0x00000000fd000000, 0x00000000fd100000|  0%| F|  |TAMS 0x00000000fd000000, 0x00000000fd000000| Untracked 
|  17|0x00000000fd100000, 0x00000000fd100000, 0x00000000fd200000|  0%| F|  |TAMS 0x00000000fd100000, 0x00000000fd100000| Untracked 
|  18|0x00000000fd200000, 0x00000000fd200000, 0x00000000fd300000|  0%| F|  |TAMS 0x00000000fd200000, 0x00000000fd200000| Untracked 
|  19|0x00000000fd300000, 0x00000000fd300000, 0x00000000fd400000|  0%| F|  |TAMS 0x00000000fd300000, 0x00000000fd300000| Untracked 
|  20|0x00000000fd400000, 0x00000000fd400000, 0x00000000fd500000|  0%| F|  |TAMS 0x00000000fd400000, 0x00000000fd400000| Untracked 
|  21|0x00000000fd500000, 0x00000000fd500000, 0x00000000fd600000|  0%| F|  |TAMS 0x00000000fd500000, 0x00000000fd500000| Untracked 
|  22|0x00000000fd600000, 0x00000000fd600000, 0x00000000fd700000|  0%| F|  |TAMS 0x00000000fd600000, 0x00000000fd600000| Untracked 
|  23|0x00000000fd700000, 0x00000000fd700000, 0x00000000fd800000|  0%| F|  |TAMS 0x00000000fd700000, 0x00000000fd700000| Untracked 
|  24|0x00000000fd800000, 0x00000000fd800000, 0x00000000fd900000|  0%| F|  |TAMS 0x00000000fd800000, 0x00000000fd800000| Untracked 
|  25|0x00000000fd900000, 0x00000000fd900000, 0x00000000fda00000|  0%| F|  |TAMS 0x00000000fd900000, 0x00000000fd900000| Untracked 
|  26|0x00000000fda00000, 0x00000000fda00000, 0x00000000fdb00000|  0%| F|  |TAMS 0x00000000fda00000, 0x00000000fda00000| Untracked 
|  27|0x00000000fdb00000, 0x00000000fdb00000, 0x00000000fdc00000|  0%| F|  |TAMS 0x00000000fdb00000, 0x00000000fdb00000| Untracked 
|  28|0x00000000fdc00000, 0x00000000fdc00000, 0x00000000fdd00000|  0%| F|  |TAMS 0x00000000fdc00000, 0x00000000fdc00000| Untracked 
|  29|0x00000000fdd00000, 0x00000000fdd00000, 0x00000000fde00000|  0%| F|  |TAMS 0x00000000fdd00000, 0x00000000fdd00000| Untracked 
|  30|0x00000000fde00000, 0x00000000fde00000, 0x00000000fdf00000|  0%| F|  |TAMS 0x00000000fde00000, 0x00000000fde00000| Untracked 
|  31|0x00000000fdf00000, 0x00000000fdf00000, 0x00000000fe000000|  0%| F|  |TAMS 0x00000000fdf00000, 0x00000000fdf00000| Untracked 
|  32|0x00000000fe000000, 0x00000000fe000000, 0x00000000fe100000|  0%| F|  |TAMS 0x00000000fe000000, 0x00000000fe000000| Untracked 
|  33|0x00000000fe100000, 0x00000000fe100000, 0x00000000fe200000|  0%| F|  |TAMS 0x00000000fe100000, 0x00000000fe100000| Untracked 
|  34|0x00000000fe200000, 0x00000000fe200000, 0x00000000fe300000|  0%| F|  |TAMS 0x00000000fe200000, 0x00000000fe200000| Untracked 
|  35|0x00000000fe300000, 0x00000000fe300000, 0x00000000fe400000|  0%| F|  |TAMS 0x00000000fe300000, 0x00000000fe300000| Untracked 
|  36|0x00000000fe400000, 0x00000000fe400000, 0x00000000fe500000|  0%| F|  |TAMS 0x00000000fe400000, 0x00000000fe400000| Untracked 
|  37|0x00000000fe500000, 0x00000000fe500000, 0x00000000fe600000|  0%| F|  |TAMS 0x00000000fe500000, 0x00000000fe500000| Untracked 
|  38|0x00000000fe600000, 0x00000000fe600000, 0x00000000fe700000|  0%| F|  |TAMS 0x00000000fe600000, 0x00000000fe600000| Untracked 
|  39|0x00000000fe700000, 0x00000000fe700000, 0x00000000fe800000|  0%| F|  |TAMS 0x00000000fe700000, 0x00000000fe700000| Untracked 
|  40|0x00000000fe800000, 0x00000000fe800000, 0x00000000fe900000|  0%| F|  |TAMS 0x00000000fe800000, 0x00000000fe800000| Untracked 
|  41|0x00000000fe900000, 0x00000000fe900000, 0x00000000fea00000|  0%| F|  |TAMS 0x00000000fe900000, 0x00000000fe900000| Untracked 
|  42|0x00000000fea00000, 0x00000000fea00000, 0x00000000feb00000|  0%| F|  |TAMS 0x00000000fea00000, 0x00000000fea00000| Untracked 
|  43|0x00000000feb00000, 0x00000000feb00000, 0x00000000fec00000|  0%| F|  |TAMS 0x00000000feb00000, 0x00000000feb00000| Untracked 
|  44|0x00000000fec00000, 0x00000000fec00000, 0x00000000fed00000|  0%| F|  |TAMS 0x00000000fec00000, 0x00000000fec00000| Untracked 
|  45|0x00000000fed00000, 0x00000000fed00000, 0x00000000fee00000|  0%| F|  |TAMS 0x00000000fed00000, 0x00000000fed00000| Untracked 
|  46|0x00000000fee00000, 0x00000000fee00000, 0x00000000fef00000|  0%| F|  |TAMS 0x00000000fee00000, 0x00000000fee00000| Untracked 
|  47|0x00000000fef00000, 0x00000000fef00000, 0x00000000ff000000|  0%| F|  |TAMS 0x00000000fef00000, 0x00000000fef00000| Untracked 
|  48|0x00000000ff000000, 0x00000000ff000000, 0x00000000ff100000|  0%| F|  |TAMS 0x00000000ff000000, 0x00000000ff000000| Untracked 
|  49|0x00000000ff100000, 0x00000000ff200000, 0x00000000ff200000|100%| S|CS|TAMS 0x00000000ff100000, 0x00000000ff100000| Complete 
|  50|0x00000000ff200000, 0x00000000ff300000, 0x00000000ff300000|100%| S|CS|TAMS 0x00000000ff200000, 0x00000000ff200000| Complete 
|  51|0x00000000ff300000, 0x00000000ff300000, 0x00000000ff400000|  0%| F|  |TAMS 0x00000000ff300000, 0x00000000ff300000| Untracked 
|  52|0x00000000ff400000, 0x00000000ff400000, 0x00000000ff500000|  0%| F|  |TAMS 0x00000000ff400000, 0x00000000ff400000| Untracked 
|  53|0x00000000ff500000, 0x00000000ff500000, 0x00000000ff600000|  0%| F|  |TAMS 0x00000000ff500000, 0x00000000ff500000| Untracked 
|  54|0x00000000ff600000, 0x00000000ff600000, 0x00000000ff700000|  0%| F|  |TAMS 0x00000000ff600000, 0x00000000ff600000| Untracked 
|  55|0x00000000ff700000, 0x00000000ff700000, 0x00000000ff800000|  0%| F|  |TAMS 0x00000000ff700000, 0x00000000ff700000| Untracked 
|  56|0x00000000ff800000, 0x00000000ff800000, 0x00000000ff900000|  0%| F|  |TAMS 0x00000000ff800000, 0x00000000ff800000| Untracked 
|  57|0x00000000ff900000, 0x00000000ff900000, 0x00000000ffa00000|  0%| F|  |TAMS 0x00000000ff900000, 0x00000000ff900000| Untracked 
|  58|0x00000000ffa00000, 0x00000000ffa00000, 0x00000000ffb00000|  0%| F|  |TAMS 0x00000000ffa00000, 0x00000000ffa00000| Untracked 
|  59|0x00000000ffb00000, 0x00000000ffb00000, 0x00000000ffc00000|  0%| F|  |TAMS 0x00000000ffb00000, 0x00000000ffb00000| Untracked 
|  60|0x00000000ffc00000, 0x00000000ffc00000, 0x00000000ffd00000|  0%| F|  |TAMS 0x00000000ffc00000, 0x00000000ffc00000| Untracked 
|  61|0x00000000ffd00000, 0x00000000ffd46d98, 0x00000000ffe00000| 27%| E|  |TAMS 0x00000000ffd00000, 0x00000000ffd00000| Complete 
|  62|0x00000000ffe00000, 0x00000000fff00000, 0x00000000fff00000|100%| E|CS|TAMS 0x00000000ffe00000, 0x00000000ffe00000| Complete 
|  63|0x00000000fff00000, 0x0000000100000000, 0x0000000100000000|100%| E|CS|TAMS 0x00000000fff00000, 0x00000000fff00000| Complete 

Card table byte_map: [0x00000187ff120000,0x00000187ff140000] _byte_map_base: 0x00000187fe940000

Marking Bits (Prev, Next): (CMBitMap*) 0x00000187ffdbdca0, (CMBitMap*) 0x00000187ffdbdce0
 Prev Bits: [0x00000187ffb70000, 0x00000187ffc70000)
 Next Bits: [0x00000187ffe50000, 0x00000187fff50000)

Polling page: 0x00000187ff0d0000

Metaspace:

Usage:
  Non-class:      4.81 MB used.
      Class:    649.79 KB used.
       Both:      5.44 MB used.

Virtual space:
  Non-class space:       64.00 MB reserved,       4.94 MB (  8%) committed,  1 nodes.
      Class space:        1.00 GB reserved,     704.00 KB ( <1%) committed,  1 nodes.
             Both:        1.06 GB reserved,       5.62 MB ( <1%) committed. 

Chunk freelists:
   Non-Class:  1.60 MB
       Class:  3.32 MB
        Both:  4.92 MB

MaxMetaspaceSize: unlimited
CompressedClassSpaceSize: 1.00 GB
Initial GC threshold: 21.00 MB
Current GC threshold: 21.00 MB
CDS: on
MetaspaceReclaimPolicy: balanced
 - commit_granule_bytes: 65536.
 - commit_granule_words: 8192.
 - virtual_space_node_default_size: 8388608.
 - enlarge_chunks_in_place: 1.
 - new_chunks_are_fully_committed: 0.
 - uncommit_free_chunks: 1.
 - use_allocation_guard: 0.


Internal statistics:

num_allocs_failed_limit: 0.
num_arena_births: 98.
num_arena_deaths: 0.
num_vsnodes_births: 2.
num_vsnodes_deaths: 0.
num_space_committed: 90.
num_space_uncommitted: 0.
num_chunks_returned_to_freelist: 0.
num_chunks_taken_from_freelist: 244.
num_chunk_merges: 0.
num_chunk_splits: 158.
num_chunks_enlarged: 118.
num_inconsistent_stats: 0.

CodeHeap 'non-profiled nmethods': size=120000Kb used=273Kb max_used=273Kb free=119727Kb
 bounds [0x0000018790750000, 0x00000187909c0000, 0x0000018797c80000]
CodeHeap 'profiled nmethods': size=120000Kb used=2086Kb max_used=2086Kb free=117913Kb
 bounds [0x0000018789220000, 0x0000018789490000, 0x0000018790750000]
CodeHeap 'non-nmethods': size=5760Kb used=1165Kb max_used=1165Kb free=4594Kb
 bounds [0x0000018788c80000, 0x0000018788ef0000, 0x0000018789220000]
 total_blobs=1578 nmethods=1131 adapters=360
 compilation: enabled
              stopped_count=0, restarted_count=0
 full_count=0

Compilation events (20 events):
Event: 1.605 Thread 0x000001879a1bdca0 nmethod 1095 0x0000018789413210 code [0x00000187894133e0, 0x00000187894136b8]
Event: 1.605 Thread 0x000001879a1bdca0 1096       3       sun.util.locale.LanguageTag::getExtensions (24 bytes)
Event: 1.605 Thread 0x000001879a1bdca0 nmethod 1096 0x0000018789413790 code [0x0000018789413960, 0x0000018789413c38]
Event: 1.605 Thread 0x000001879a1bdca0 1086       3       sun.util.locale.LanguageTag::parseExtlangs (114 bytes)
Event: 1.605 Thread 0x000001879a1bdca0 nmethod 1086 0x0000018789413d10 code [0x0000018789413f60, 0x0000018789414a18]
Event: 1.605 Thread 0x000001879a1bdca0 1087       3       sun.util.locale.LanguageTag::parseScript (55 bytes)
Event: 1.605 Thread 0x000001879a1bdca0 nmethod 1087 0x0000018789414d90 code [0x0000018789414f80, 0x0000018789415598]
Event: 1.605 Thread 0x000001879a1bdca0 1088       3       sun.util.locale.LanguageTag::parseRegion (55 bytes)
Event: 1.606 Thread 0x000001879a1bdca0 nmethod 1088 0x0000018789415790 code [0x0000018789415960, 0x0000018789415d58]
Event: 1.606 Thread 0x000001879a1bdca0 1090       3       sun.util.locale.LanguageTag::parseExtensions (208 bytes)
Event: 1.607 Thread 0x000001879a1bdca0 nmethod 1090 0x0000018789415e90 code [0x0000018789416280, 0x0000018789417b08]
Event: 1.607 Thread 0x000001879a1bdca0 1091       3       sun.util.locale.LanguageTag::parsePrivateuse (144 bytes)
Event: 1.607 Thread 0x000001879a1bdca0 nmethod 1091 0x0000018789418390 code [0x0000018789418680, 0x0000018789419648]
Event: 1.608 Thread 0x000001879a1bdca0 1092       3       sun.util.locale.InternalLocaleBuilder::setLanguageTag (173 bytes)
Event: 1.608 Thread 0x000001879a1bdca0 nmethod 1092 0x0000018789419b90 code [0x0000018789419f80, 0x000001878941bb78]
Event: 1.608 Thread 0x000001879a1bdca0 1093       3       sun.util.locale.InternalLocaleBuilder::clear (31 bytes)
Event: 1.609 Thread 0x000001879a1bdca0 nmethod 1093 0x000001878941c290 code [0x000001878941c460, 0x000001878941c768]
Event: 1.609 Thread 0x000001879a1bdca0 1094       3       sun.util.locale.LanguageTag::getExtlangs (24 bytes)
Event: 1.609 Thread 0x000001879a1bdca0 nmethod 1094 0x000001878941c810 code [0x000001878941c9e0, 0x000001878941ccb8]
Event: 1.609 Thread 0x000001879a1bdca0 1097       3       sun.util.locale.InternalLocaleBuilder::setExtensions (206 bytes)

GC Heap History (2 events):
Event: 1.337 GC heap before
{Heap before GC invocations=0 (full 0):
 garbage-first heap   total 65536K, used 14336K [0x00000000fc000000, 0x0000000100000000)
  region size 1024K, 13 young (13312K), 0 survivors (0K)
 Metaspace       used 4746K, committed 4928K, reserved 1114112K
  class space    used 555K, committed 640K, reserved 1048576K
}
Event: 1.486 GC heap after
{Heap after GC invocations=1 (full 0):
 garbage-first heap   total 65536K, used 3139K [0x00000000fc000000, 0x0000000100000000)
  region size 1024K, 2 young (2048K), 2 survivors (2048K)
 Metaspace       used 4746K, committed 4928K, reserved 1114112K
  class space    used 555K, committed 640K, reserved 1048576K
}

Deoptimization events (12 events):
Event: 0.560 Thread 0x00000187ffd99ba0 DEOPT PACKING pc=0x0000018789235967 sp=0x00000038e12fb210
Event: 0.560 Thread 0x00000187ffd99ba0 DEOPT UNPACKING pc=0x0000018788cd2b43 sp=0x00000038e12fa630 mode 0
Event: 0.571 Thread 0x00000187ffd99ba0 DEOPT PACKING pc=0x0000018789234cd1 sp=0x00000038e12faef0
Event: 0.571 Thread 0x00000187ffd99ba0 DEOPT UNPACKING pc=0x0000018788cd2b43 sp=0x00000038e12fa368 mode 0
Event: 1.506 Thread 0x000001879e6cc480 Uncommon trap: trap_request=0xffffff45 fr.pc=0x000001879076c770 relative=0x00000000000004d0
Event: 1.506 Thread 0x000001879e6cc480 Uncommon trap: reason=unstable_if action=reinterpret pc=0x000001879076c770 method=java.lang.StringLatin1.replace([BCC)Ljava/lang/String; @ 19 c2
Event: 1.506 Thread 0x000001879e6cc480 DEOPT PACKING pc=0x000001879076c770 sp=0x00000038e26fd690
Event: 1.506 Thread 0x000001879e6cc480 DEOPT UNPACKING pc=0x0000018788cd23a3 sp=0x00000038e26fd610 mode 2
Event: 1.608 Thread 0x000001879e6cc480 Uncommon trap: trap_request=0xffffff45 fr.pc=0x000001879076df48 relative=0x0000000000000048
Event: 1.608 Thread 0x000001879e6cc480 Uncommon trap: reason=unstable_if action=reinterpret pc=0x000001879076df48 method=java.lang.CharacterData.of(I)Ljava/lang/CharacterData; @ 4 c2
Event: 1.608 Thread 0x000001879e6cc480 DEOPT PACKING pc=0x000001879076df48 sp=0x00000038e26fde20
Event: 1.608 Thread 0x000001879e6cc480 DEOPT UNPACKING pc=0x0000018788cd23a3 sp=0x00000038e26fddc0 mode 2

Classes loaded (20 events):
Event: 1.509 Loading class sun/net/www/protocol/jar/URLJarFile$URLJarFileEntry
Event: 1.509 Loading class sun/net/www/protocol/jar/URLJarFile$URLJarFileEntry done
Event: 1.509 Loading class sun/net/www/protocol/jar/JarURLConnection$JarURLInputStream
Event: 1.509 Loading class sun/net/www/protocol/jar/JarURLConnection$JarURLInputStream done
Event: 1.509 Loading class java/util/PropertyResourceBundle
Event: 1.509 Loading class java/util/PropertyResourceBundle done
Event: 1.509 Loading class sun/util/PropertyResourceBundleCharset
Event: 1.510 Loading class sun/util/PropertyResourceBundleCharset done
Event: 1.510 Loading class sun/util/PropertyResourceBundleCharset$PropertiesFileDecoder
Event: 1.510 Loading class sun/util/PropertyResourceBundleCharset$PropertiesFileDecoder done
Event: 1.510 Loading class java/util/ResourceBundle$BundleReference
Event: 1.510 Loading class java/util/ResourceBundle$BundleReference done
Event: 1.516 Loading class java/util/logging/LogRecord
Event: 1.516 Loading class java/util/logging/LogRecord done
Event: 1.520 Loading class sun/util/calendar/ZoneInfoFile$Checksum
Event: 1.520 Loading class sun/util/calendar/ZoneInfoFile$Checksum done
Event: 1.606 Loading class sun/text/resources/cldr/FormatData_en
Event: 1.606 Loading class sun/text/resources/cldr/FormatData_en done
Event: 1.606 Loading class sun/text/resources/cldr/FormatData_en_US
Event: 1.606 Loading class sun/text/resources/cldr/FormatData_en_US done

Classes unloaded (0 events):
No events

Classes redefined (0 events):
No events

Internal exceptions (15 events):
Event: 0.522 Thread 0x00000187ffd99ba0 Exception <a 'java/lang/NoSuchMethodError'{0x00000000ffdc6778}: 'void java.lang.invoke.DirectMethodHandle$Holder.invokeSpecial(java.lang.Object, java.lang.Object, java.lang.Object)'> (0x00000000ffdc6778) 
thrown [s\open\src\hotspot\share\interpreter\linkResolver.cpp, line 759]
Event: 0.591 Thread 0x00000187ffd99ba0 Exception <a 'java/lang/NoSuchMethodError'{0x00000000ffb1c9f8}: 'void java.lang.invoke.DirectMethodHandle$Holder.invokeStatic(java.lang.Object, java.lang.Object, java.lang.Object)'> (0x00000000ffb1c9f8) 
thrown [s\open\src\hotspot\share\interpreter\linkResolver.cpp, line 759]
Event: 0.635 Thread 0x00000187ffd99ba0 Exception <a 'java/lang/NoSuchMethodError'{0x00000000ffbd4ff0}: 'void java.lang.invoke.DirectMethodHandle$Holder.invokeStatic(java.lang.Object, java.lang.Object, java.lang.Object, java.lang.Object)'> (0x00000000ffbd4ff0) 
thrown [s\open\src\hotspot\share\interpreter\linkResolver.cpp, line 759]
Event: 0.972 Thread 0x00000187ffd99ba0 Exception <a 'java/lang/NoSuchMethodError'{0x00000000ff7d8180}: 'java.lang.Object java.lang.invoke.DirectMethodHandle$Holder.newInvokeSpecial(java.lang.Object, java.lang.Object, java.lang.Object, java.lang.Object, java.lang.Object)'> (0x00000000ff7d8180) 
thrown [s\open\src\hotspot\share\interpreter\linkResolver.cpp, line 759]
Event: 0.974 Thread 0x00000187ffd99ba0 Exception <a 'java/lang/NoSuchMethodError'{0x00000000ff7dd2a0}: 'java.lang.Object java.lang.invoke.DirectMethodHandle$Holder.invokeInterface(java.lang.Object, java.lang.Object)'> (0x00000000ff7dd2a0) 
thrown [s\open\src\hotspot\share\interpreter\linkResolver.cpp, line 759]
Event: 0.975 Thread 0x00000187ffd99ba0 Exception <a 'java/lang/IncompatibleClassChangeError'{0x00000000ff7e0888}: Found class java.lang.Object, but interface was expected> (0x00000000ff7e0888) 
thrown [s\open\src\hotspot\share\interpreter\linkResolver.cpp, line 826]
Event: 0.983 Thread 0x00000187ffd99ba0 Exception <a 'java/lang/IncompatibleClassChangeError'{0x00000000ff60b670}: Found class java.lang.Object, but interface was expected> (0x00000000ff60b670) 
thrown [s\open\src\hotspot\share\interpreter\linkResolver.cpp, line 826]
Event: 1.165 Thread 0x000001879e6cc480 Exception <a 'java/lang/NoSuchMethodError'{0x00000000ff5514a8}: 'int java.lang.invoke.DirectMethodHandle$Holder.invokeSpecial(java.lang.Object, java.lang.Object, java.lang.Object)'> (0x00000000ff5514a8) 
thrown [s\open\src\hotspot\share\interpreter\linkResolver.cpp, line 759]
Event: 1.172 Thread 0x000001879e6cc480 Exception <a 'java/lang/NoSuchMethodError'{0x00000000ff57b7f8}: 'void java.lang.invoke.Invokers$Holder.invokeExact_MT(java.lang.Object, java.lang.Object, java.lang.Object, java.lang.Object)'> (0x00000000ff57b7f8) 
thrown [s\open\src\hotspot\share\interpreter\linkResolver.cpp, line 759]
Event: 1.183 Thread 0x000001879e6cc480 Exception <a 'java/lang/NoSuchMethodError'{0x00000000ff5dc668}: 'void java.lang.invoke.DelegatingMethodHandle$Holder.reinvoke_L(java.lang.Object, java.lang.Object, int)'> (0x00000000ff5dc668) 
thrown [s\open\src\hotspot\share\interpreter\linkResolver.cpp, line 759]
Event: 1.185 Thread 0x000001879e6cc480 Exception <a 'java/lang/NoSuchMethodError'{0x00000000ff5e3808}: 'int java.lang.invoke.Invokers$Holder.invokeExact_MT(java.lang.Object, java.lang.Object, java.lang.Object)'> (0x00000000ff5e3808) 
thrown [s\open\src\hotspot\share\interpreter\linkResolver.cpp, line 759]
Event: 1.282 Thread 0x000001879e6cc480 Exception <a 'java/lang/NoSuchMethodError'{0x00000000ff359118}: 'java.lang.Object java.lang.invoke.DirectMethodHandle$Holder.invokeInterface(java.lang.Object, java.lang.Object, java.lang.Object)'> (0x00000000ff359118) 
thrown [s\open\src\hotspot\share\interpreter\linkResolver.cpp, line 759]
Event: 1.489 Thread 0x000001879e6cc480 Exception <a 'sun/nio/fs/WindowsException'{0x00000000fff050a8}> (0x00000000fff050a8) 
thrown [s\open\src\hotspot\share\prims\jni.cpp, line 516]
Event: 1.493 Thread 0x000001879e6cc480 Exception <a 'sun/nio/fs/WindowsException'{0x00000000fff0b9a8}> (0x00000000fff0b9a8) 
thrown [s\open\src\hotspot\share\prims\jni.cpp, line 516]
Event: 1.502 Thread 0x000001879e6cc480 Exception <a 'java/lang/NoSuchMethodError'{0x00000000fff1f968}: 'java.lang.Object java.lang.invoke.DirectMethodHandle$Holder.invokeStaticInit(java.lang.Object)'> (0x00000000fff1f968) 
thrown [s\open\src\hotspot\share\interpreter\linkResolver.cpp, line 759]

VM Operations (16 events):
Event: 0.452 Executing VM operation: HandshakeAllThreads
Event: 0.452 Executing VM operation: HandshakeAllThreads done
Event: 1.290 Executing VM operation: HandshakeAllThreads
Event: 1.290 Executing VM operation: HandshakeAllThreads done
Event: 1.290 Executing VM operation: Cleanup
Event: 1.290 Executing VM operation: Cleanup done
Event: 1.326 Executing VM operation: HandshakeAllThreads
Event: 1.326 Executing VM operation: HandshakeAllThreads done
Event: 1.337 Executing VM operation: G1CollectForAllocation
Event: 1.486 Executing VM operation: G1CollectForAllocation done
Event: 1.509 Executing VM operation: HandshakeAllThreads
Event: 1.509 Executing VM operation: HandshakeAllThreads done
Event: 1.520 Executing VM operation: HandshakeAllThreads
Event: 1.520 Executing VM operation: HandshakeAllThreads done
Event: 1.608 Executing VM operation: HandshakeAllThreads
Event: 1.608 Executing VM operation: HandshakeAllThreads done

Events (20 events):
Event: 0.186 Loaded shared library C:\Program Files\Java\jdk-18.0.2.1\bin\jsvml.dll
Event: 0.186 Thread 0x00000187ffd99ba0 Thread added: 0x00000187ffd99ba0
Event: 0.289 Thread 0x00000187ffe4e800 Thread added: 0x00000187ffe4e800
Event: 0.289 Thread 0x000001879a19e490 Thread added: 0x000001879a19e490
Event: 0.310 Thread 0x000001879a1b8900 Thread added: 0x000001879a1b8900
Event: 0.310 Thread 0x000001879a1b92a0 Thread added: 0x000001879a1b92a0
Event: 0.310 Thread 0x000001879a1b9c40 Thread added: 0x000001879a1b9c40
Event: 0.310 Thread 0x000001879a1ba5e0 Thread added: 0x000001879a1ba5e0
Event: 0.311 Thread 0x000001879a1bb2b0 Thread added: 0x000001879a1bb2b0
Event: 0.358 Thread 0x000001879a1bdca0 Thread added: 0x000001879a1bdca0
Event: 0.373 Thread 0x000001879a238190 Thread added: 0x000001879a238190
Event: 0.395 Thread 0x000001879e443fc0 Thread added: 0x000001879e443fc0
Event: 0.397 Thread 0x000001879e44a300 Thread added: 0x000001879e44a300
Event: 0.421 Loaded shared library C:\Program Files\Java\jdk-18.0.2.1\bin\net.dll
Event: 0.442 Loaded shared library C:\Program Files\Java\jdk-18.0.2.1\bin\nio.dll
Event: 0.451 Loaded shared library C:\Program Files\Java\jdk-18.0.2.1\bin\zip.dll
Event: 0.494 Loaded shared library C:\Program Files\Java\jdk-18.0.2.1\bin\jimage.dll
Event: 1.041 Thread 0x000001879e6cc480 Thread added: 0x000001879e6cc480
Event: 1.042 Thread 0x00000187ffd99ba0 Thread exited: 0x00000187ffd99ba0
Event: 1.042 Thread 0x00000187ffd99ba0 Thread added: 0x00000187ffd99ba0


Dynamic libraries:
0x00007ff6bb040000 - 0x00007ff6bb050000 	C:\Program Files\Java\jdk-18.0.2.1\bin\java.exe
0x00007ffb7bbb0000 - 0x00007ffb7bda8000 	C:\Windows\SYSTEM32\ntdll.dll
0x00007ffb7b8d0000 - 0x00007ffb7b992000 	C:\Windows\System32\KERNEL32.DLL
0x00007ffb798c0000 - 0x00007ffb79bb6000 	C:\Windows\System32\KERNELBASE.dll
0x00007ffb76380000 - 0x00007ffb76414000 	C:\Windows\SYSTEM32\apphelp.dll
0x00007ffb79430000 - 0x00007ffb79530000 	C:\Windows\System32\ucrtbase.dll
0x00007ffb3f730000 - 0x00007ffb3f748000 	C:\Program Files\Java\jdk-18.0.2.1\bin\jli.dll
0x00007ffb7af10000 - 0x00007ffb7afc1000 	C:\Windows\System32\ADVAPI32.dll
0x00007ffb79d70000 - 0x00007ffb79e0e000 	C:\Windows\System32\msvcrt.dll
0x00007ffb7a1a0000 - 0x00007ffb7a23f000 	C:\Windows\System32\sechost.dll
0x00007ffb7afd0000 - 0x00007ffb7b0f3000 	C:\Windows\System32\RPCRT4.dll
0x00007ffb796f0000 - 0x00007ffb79717000 	C:\Windows\System32\bcrypt.dll
0x00007ffb7b9d0000 - 0x00007ffb7bb6d000 	C:\Windows\System32\USER32.dll
0x00007ffb795c0000 - 0x00007ffb795e2000 	C:\Windows\System32\win32u.dll
0x00007ffb7a170000 - 0x00007ffb7a19b000 	C:\Windows\System32\GDI32.dll
0x00007ffb797a0000 - 0x00007ffb798ba000 	C:\Windows\System32\gdi32full.dll
0x00007ffb79230000 - 0x00007ffb792cd000 	C:\Windows\System32\msvcp_win.dll
0x00007ffb33560000 - 0x00007ffb3357a000 	C:\Program Files\Java\jdk-18.0.2.1\bin\VCRUNTIME140.dll
0x00007ffb6e120000 - 0x00007ffb6e3ba000 	C:\Windows\WinSxS\amd64_microsoft.windows.common-controls_6595b64144ccf1df_6.0.19041.4355_none_60b8b9eb71f62e16\COMCTL32.dll
0x00007ffb75db0000 - 0x00007ffb75dba000 	C:\Windows\SYSTEM32\VERSION.dll
0x00007ffb7b9a0000 - 0x00007ffb7b9cf000 	C:\Windows\System32\IMM32.DLL
0x00007ffb765d0000 - 0x00007ffb765dc000 	C:\Program Files\Java\jdk-18.0.2.1\bin\vcruntime140_1.dll
0x00007ffb286c0000 - 0x00007ffb2874d000 	C:\Program Files\Java\jdk-18.0.2.1\bin\msvcp140.dll
0x00007ffaf1170000 - 0x00007ffaf1d81000 	C:\Program Files\Java\jdk-18.0.2.1\bin\server\jvm.dll
0x00007ffb7a4f0000 - 0x00007ffb7a4f8000 	C:\Windows\System32\PSAPI.DLL
0x00007ffb75b90000 - 0x00007ffb75b99000 	C:\Windows\SYSTEM32\WSOCK32.dll
0x00007ffb7a480000 - 0x00007ffb7a4eb000 	C:\Windows\System32\WS2_32.dll
0x00007ffb579b0000 - 0x00007ffb579d7000 	C:\Windows\SYSTEM32\WINMM.dll
0x00007ffb76ef0000 - 0x00007ffb76f02000 	C:\Windows\SYSTEM32\kernel.appcore.dll
0x00007ffb6b680000 - 0x00007ffb6b68a000 	C:\Program Files\Java\jdk-18.0.2.1\bin\jimage.dll
0x00007ffb6e760000 - 0x00007ffb6e944000 	C:\Windows\SYSTEM32\DBGHELP.DLL
0x00007ffb6bb60000 - 0x00007ffb6bb94000 	C:\Windows\SYSTEM32\dbgcore.DLL
0x00007ffb79530000 - 0x00007ffb795b2000 	C:\Windows\System32\bcryptPrimitives.dll
0x00007ffb41150000 - 0x00007ffb41175000 	C:\Program Files\Java\jdk-18.0.2.1\bin\java.dll
0x00007ffb291c0000 - 0x00007ffb29296000 	C:\Program Files\Java\jdk-18.0.2.1\bin\jsvml.dll
0x00007ffb7b160000 - 0x00007ffb7b8cf000 	C:\Windows\System32\SHELL32.dll
0x00007ffb770f0000 - 0x00007ffb77893000 	C:\Windows\SYSTEM32\windows.storage.dll
0x00007ffb79e10000 - 0x00007ffb7a165000 	C:\Windows\System32\combase.dll
0x00007ffb78b90000 - 0x00007ffb78bbb000 	C:\Windows\SYSTEM32\Wldp.dll
0x00007ffb7ae40000 - 0x00007ffb7af0d000 	C:\Windows\System32\OLEAUT32.dll
0x00007ffb7a240000 - 0x00007ffb7a2ed000 	C:\Windows\System32\SHCORE.dll
0x00007ffb7b100000 - 0x00007ffb7b155000 	C:\Windows\System32\shlwapi.dll
0x00007ffb79160000 - 0x00007ffb79185000 	C:\Windows\SYSTEM32\profapi.dll
0x00007ffb40600000 - 0x00007ffb40613000 	C:\Program Files\Java\jdk-18.0.2.1\bin\net.dll
0x00007ffb74da0000 - 0x00007ffb74eaa000 	C:\Windows\SYSTEM32\WINHTTP.dll
0x00007ffb788f0000 - 0x00007ffb7895c000 	C:\Windows\system32\mswsock.dll
0x00007ffb286a0000 - 0x00007ffb286b6000 	C:\Program Files\Java\jdk-18.0.2.1\bin\nio.dll
0x00007ffb28680000 - 0x00007ffb28698000 	C:\Program Files\Java\jdk-18.0.2.1\bin\zip.dll

dbghelp: loaded successfully - version: 4.0.5 - missing functions: none
symbol engine: initialized successfully - sym options: 0x614 - pdb path: .;C:\Program Files\Java\jdk-18.0.2.1\bin;C:\Windows\SYSTEM32;C:\Windows\WinSxS\amd64_microsoft.windows.common-controls_6595b64144ccf1df_6.0.19041.4355_none_60b8b9eb71f62e16;C:\Program Files\Java\jdk-18.0.2.1\bin\server

VM Arguments:
jvm_args: -DwatchParentProcess=false -XX:+ExitOnOutOfMemoryError -XX:+HeapDumpOnOutOfMemoryError -XX:HeapDumpPath=c:\Users\student.APROTRAIN-APTEC\AppData\Roaming\Code\User\globalStorage\redhat.vscode-xml -Xmx64M 
java_command: org.eclipse.lemminx.XMLServerLauncher
java_class_path (initial): c:\Users\student.APROTRAIN-APTEC\.vscode\extensions\redhat.vscode-xml-0.29.0-win32-x64\server\org.eclipse.lemminx-0.31.0-uber.jar
Launcher Type: SUN_STANDARD

[Global flags]
     intx CICompilerCount                          = 3                                         {product} {ergonomic}
     uint ConcGCThreads                            = 1                                         {product} {ergonomic}
     bool ExitOnOutOfMemoryError                   = true                                      {product} {command line}
     uint G1ConcRefinementThreads                  = 4                                         {product} {ergonomic}
   size_t G1HeapRegionSize                         = 1048576                                   {product} {ergonomic}
    uintx GCDrainStackTargetSize                   = 64                                        {product} {ergonomic}
     bool HeapDumpOnOutOfMemoryError               = true                                   {manageable} {command line}
    ccstr HeapDumpPath                             = c:\Users\student.APROTRAIN-APTEC\AppData\Roaming\Code\User\globalStorage\redhat.vscode-xml         {manageable} {command line}
   size_t InitialHeapSize                          = 67108864                                  {product} {ergonomic}
   size_t MarkStackSize                            = 4194304                                   {product} {ergonomic}
   size_t MaxHeapSize                              = 67108864                                  {product} {command line}
   size_t MaxNewSize                               = 39845888                                  {product} {ergonomic}
   size_t MinHeapDeltaBytes                        = 1048576                                   {product} {ergonomic}
   size_t MinHeapSize                              = 8388608                                   {product} {ergonomic}
    uintx NonNMethodCodeHeapSize                   = 5832780                                {pd product} {ergonomic}
    uintx NonProfiledCodeHeapSize                  = 122912730                              {pd product} {ergonomic}
    uintx ProfiledCodeHeapSize                     = 122912730                              {pd product} {ergonomic}
    uintx ReservedCodeCacheSize                    = 251658240                              {pd product} {ergonomic}
     bool SegmentedCodeCache                       = true                                      {product} {ergonomic}
   size_t SoftMaxHeapSize                          = 67108864                               {manageable} {ergonomic}
     bool UseCompressedClassPointers               = true                           {product lp64_product} {ergonomic}
     bool UseCompressedOops                        = true                           {product lp64_product} {ergonomic}
     bool UseG1GC                                  = true                                      {product} {ergonomic}
     bool UseLargePagesIndividualAllocation        = false                                  {pd product} {ergonomic}

Logging:
Log output configuration:
 #0: stdout all=warning uptime,level,tags foldmultilines=false
 #1: stderr all=off uptime,level,tags foldmultilines=false

Environment Variables:
PATH=C:\Users\student.APROTRAIN-APTEC\AppData\Local\Programs\Microsoft VS Code;C:\Program Files\Common Files\Oracle\Java\javapath;C:\Program Files (x86)\Common Files\Oracle\Java\java8path;C:\Program Files (x86)\Common Files\Oracle\Java\javapath;C:\Windows\system32;C:\Windows;C:\Windows\System32\Wbem;C:\Windows\System32\WindowsPowerShell\v1.0\;C:\Windows\System32\OpenSSH\;C:\Program Files\Microsoft VS Code\bin;C:\mingw64\bin;C:\xampp\php;C:\composer;C:\Program Files (x86)\Microsoft SQL Server\160\Tools\Binn\;C:\Program Files\Microsoft SQL Server\160\Tools\Binn\;C:\Program Files\Microsoft SQL Server\Client SDK\ODBC\170\Tools\Binn\;C:\Program Files\Microsoft SQL Server\160\DTS\Binn\;C:\Program Files (x86)\Microsoft SQL Server\160\DTS\Binn\;C:\Program Files\Microsoft SQL Server\150\Tools\Binn\;C:\Program Files\dotnet\;C:\wildfly-20.0.0.Final\bin;C:\Users\hieu.tm\AppData\Roaming\nvm;C:\Program Files\nodejs;C:\flutter\bin;C:\Program Files\nodejs\;C:\dart-sdk\bin;C:\Program Files\Microsoft SQL Server\170\Tools\Binn\;C:\Program Files (x86)\Microsoft SQL Server\150\Tools\Binn\;C:\Program Files\Microsoft SQL Server\150\DTS\Binn\;C:\Users\student.APROTRAIN-APTEC\AppData\Local\Programs\Python\Python313\Scripts\;C:\Users\student.APROTRAIN-APTEC\AppData\Local\Programs\Python\Python313\;C:\Users\student.APROTRAIN-APTEC\AppData\Local\Programs\Python\Launcher\;C:\Users\student.APROTRAIN-APTEC\AppData\Local\Microsoft\WindowsApps;C:\Users\student.APROTRAIN-APTEC\AppData\Local\Programs\mongosh\;C:\Users\student.APROTRAIN-APTEC\AppData\Local\Programs\cursor\resources\app\bin;C:\Users\student.APROTRAIN-APTEC\AppData\Roaming\npm;C:\Users\student.APROTRAIN-APTEC\.dotnet\tools;C:\Users\student.APROTRAIN-APTEC\AppData\Local\Programs\Microsoft VS Code\bin;C:\Users\student.APROTRAIN-APTEC\AppData\Local\Programs\Git\cmd
USERNAME=student
OS=Windows_NT
PROCESSOR_IDENTIFIER=Intel64 Family 6 Model 158 Stepping 11, GenuineIntel



---------------  S Y S T E M  ---------------

OS:
 Windows 10 , 64 bit Build 19041 (10.0.19041.5678)
OS uptime: 90 days 14:39 hours

CPU: total 4 (initial active 4) (4 cores per cpu, 1 threads per core) family 6 model 158 stepping 11 microcode 0xb4, cx8, cmov, fxsr, mmx, 3dnowpref, sse, sse2, sse3, ssse3, sse4.1, sse4.2, popcnt, lzcnt, tsc, tscinvbit, avx, avx2, aes, erms, clmul, bmi1, bmi2, adx, fma, vzeroupper, clflush, clflushopt

Memory: 4k page, system-wide physical 8062M (737M free)
TotalPageFile size 12305M (AvailPageFile size 190M)
current process WorkingSet (physical memory assigned to process): 61M, peak: 61M
current process commit charge ("private bytes"): 144M, peak: 144M

vm_info: Java HotSpot(TM) 64-Bit Server VM (18.0.2.1+1-1) for windows-amd64 JRE (18.0.2.1+1-1), built on Aug 16 2022 01:46:33 by "mach5one" with MS VC++ 16.8 / 16.9 (VS2019)

END.
