#
# There is insufficient memory for the Java Runtime Environment to continue.
# Native memory allocation (mmap) failed to map 67108864 bytes for G1 virtual space
# Possible reasons:
#   The system is out of physical RAM or swap space
#   The process is running with CompressedOops enabled, and the Java Heap may be blocking the growth of the native heap
# Possible solutions:
#   Reduce memory load on the system
#   Increase physical memory or swap space
#   Check if swap backing store is full
#   Decrease Java heap size (-Xmx/-Xms)
#   Decrease number of Java threads
#   Decrease Java thread stack sizes (-Xss)
#   Set larger code cache with -XX:ReservedCodeCacheSize=
#   JVM is running with Unscaled Compressed Oops mode in which the Java heap is
#     placed in the first 4GB address space. The Java Heap base address is the
#     maximum limit for the native heap growth. Please use -XX:HeapBaseMinAddress
#     to set the Java Heap base and to place the Java Heap above 4GB virtual address.
# This output file may be truncated or incomplete.
#
#  Out of Memory Error (os_windows.cpp:3530), pid=13480, tid=8112
#
# JRE version:  (18.0.2.1+1) (build )
# Java VM: Java HotSpot(TM) 64-Bit Server VM (18.0.2.1+1-1, mixed mode, sharing, tiered, compressed oops, compressed class ptrs, g1 gc, windows-amd64)
# No core dump will be written. Minidumps are not enabled by default on client versions of Windows
#

---------------  S U M M A R Y ------------

Command Line: -DwatchParentProcess=false -XX:+ExitOnOutOfMemoryError -XX:+HeapDumpOnOutOfMemoryError -XX:HeapDumpPath=c:\Users\student.APROTRAIN-APTEC\AppData\Roaming\Code\User\globalStorage\redhat.vscode-xml -Xmx64M org.eclipse.lemminx.XMLServerLauncher

Host: Intel(R) Core(TM) i3-8100 CPU @ 3.60GHz, 4 cores, 7G,  Windows 10 , 64 bit Build 19041 (10.0.19041.5678)
Time: Thu Apr 16 11:27:35 2026 SE Asia Standard Time elapsed time: 0.155860 seconds (0d 0h 0m 0s)

---------------  T H R E A D  ---------------

Current thread (0x000001a2daaebb40):  JavaThread "Unknown thread" [_thread_in_vm, id=8112, stack(0x0000002cfab00000,0x0000002cfac00000)]

Stack: [0x0000002cfab00000,0x0000002cfac00000]
Native frames: (J=compiled Java code, j=interpreted, Vv=VM code, C=native code)
V  [jvm.dll+0x6993aa]
V  [jvm.dll+0x7f46dd]
V  [jvm.dll+0x7f5fee]
V  [jvm.dll+0x7f66a3]
V  [jvm.dll+0x25cf1f]
V  [jvm.dll+0x6962f9]
V  [jvm.dll+0x68ae2a]
V  [jvm.dll+0x32255b]
V  [jvm.dll+0x329f36]
V  [jvm.dll+0x37eade]
V  [jvm.dll+0x37ed0f]
V  [jvm.dll+0x2fa2da]
V  [jvm.dll+0x2fb33d]
V  [jvm.dll+0x7c3310]
V  [jvm.dll+0x38be61]
V  [jvm.dll+0x7a2023]
V  [jvm.dll+0x40dc3f]
V  [jvm.dll+0x40f611]
C  [jli.dll+0x526b]
C  [ucrtbase.dll+0x21bb2]
C  [KERNEL32.DLL+0x17374]
C  [ntdll.dll+0x4cc91]


---------------  P R O C E S S  ---------------

Threads class SMR info:
_java_thread_list=0x00007ffaf1c4e550, length=0, elements={
}

Java Threads: ( => current thread )

Other Threads:
  0x000001a2dab0f8d0 WorkerThread "GC Thread#0" [stack: 0x0000002cfac00000,0x0000002cfad00000] [id=4588]
  0x000001a2dab11000 ConcurrentGCThread "G1 Main Marker" [stack: 0x0000002cfad00000,0x0000002cfae00000] [id=1752]
  0x000001a2dab119f0 WorkerThread "G1 Conc#0" [stack: 0x0000002cfae00000,0x0000002cfaf00000] [id=2164]

[error occurred during error reporting (printing all threads), id 0xc0000005, EXCEPTION_ACCESS_VIOLATION (0xc0000005) at pc=0x00007ffaf147a877]

VM state: not at safepoint (not fully initialized)

VM Mutex/Monitor currently owned by a thread:  ([mutex/lock_event])
[0x000001a2daae8270] Heap_lock - owner thread: 0x000001a2daaebb40

Heap address: 0x00000000fc000000, size: 64 MB, Compressed Oops mode: 32-bit

CDS archive(s) mapped at: [0x0000000000000000-0x0000000000000000-0x0000000000000000), size 0, SharedBaseAddress: 0x0000000800000000, ArchiveRelocationMode: 0.
Narrow klass base: 0x0000000000000000, Narrow klass shift: 0, Narrow klass range: 0x0

GC Precious Log:
 CardTable entry size: 512
 Card Set container configuration: InlinePtr #cards 5 size 8 Array Of Cards #cards 12 size 40 Howl #buckets 4 coarsen threshold 1843 Howl Bitmap #cards 512 size 80 coarsen threshold 460 Card regions per heap region 1 cards per card region 2048

Heap:
 garbage-first heap   total 0K, used 0K [0x00000000fc000000, 0x0000000100000000)
  region size 1024K, 0 young (0K), 0 survivors (0K)

[error occurred during error reporting (printing heap information), id 0xc0000005, EXCEPTION_ACCESS_VIOLATION (0xc0000005) at pc=0x00007ffaf1861839]

GC Heap History (0 events):
No events

Deoptimization events (0 events):
No events

Classes loaded (0 events):
No events

Classes unloaded (0 events):
No events

Classes redefined (0 events):
No events

Internal exceptions (0 events):
No events

VM Operations (0 events):
No events

Events (1 events):
Event: 0.091 Loaded shared library C:\Program Files\Java\jdk-18.0.2.1\bin\java.dll


Dynamic libraries:
0x00007ff6bb040000 - 0x00007ff6bb050000 	C:\Program Files\Java\jdk-18.0.2.1\bin\java.exe
0x00007ffb7bbb0000 - 0x00007ffb7bda8000 	C:\Windows\SYSTEM32\ntdll.dll
0x00007ffb7b8d0000 - 0x00007ffb7b992000 	C:\Windows\System32\KERNEL32.DLL
0x00007ffb798c0000 - 0x00007ffb79bb6000 	C:\Windows\System32\KERNELBASE.dll
0x00007ffb76380000 - 0x00007ffb76414000 	C:\Windows\SYSTEM32\apphelp.dll
0x00007ffb79430000 - 0x00007ffb79530000 	C:\Windows\System32\ucrtbase.dll
0x00007ffb41160000 - 0x00007ffb41178000 	C:\Program Files\Java\jdk-18.0.2.1\bin\jli.dll
0x00007ffb7af10000 - 0x00007ffb7afc1000 	C:\Windows\System32\ADVAPI32.dll
0x00007ffb79d70000 - 0x00007ffb79e0e000 	C:\Windows\System32\msvcrt.dll
0x00007ffb7a1a0000 - 0x00007ffb7a23f000 	C:\Windows\System32\sechost.dll
0x00007ffb7afd0000 - 0x00007ffb7b0f3000 	C:\Windows\System32\RPCRT4.dll
0x00007ffb796f0000 - 0x00007ffb79717000 	C:\Windows\System32\bcrypt.dll
0x00007ffb7b9d0000 - 0x00007ffb7bb6d000 	C:\Windows\System32\USER32.dll
0x00007ffb795c0000 - 0x00007ffb795e2000 	C:\Windows\System32\win32u.dll
0x00007ffb7a170000 - 0x00007ffb7a19b000 	C:\Windows\System32\GDI32.dll
0x00007ffb797a0000 - 0x00007ffb798ba000 	C:\Windows\System32\gdi32full.dll
0x00007ffb79230000 - 0x00007ffb792cd000 	C:\Windows\System32\msvcp_win.dll
0x00007ffb40600000 - 0x00007ffb4061a000 	C:\Program Files\Java\jdk-18.0.2.1\bin\VCRUNTIME140.dll
0x00007ffb6e120000 - 0x00007ffb6e3ba000 	C:\Windows\WinSxS\amd64_microsoft.windows.common-controls_6595b64144ccf1df_6.0.19041.4355_none_60b8b9eb71f62e16\COMCTL32.dll
0x00007ffb75db0000 - 0x00007ffb75dba000 	C:\Windows\SYSTEM32\VERSION.dll
0x00007ffb7b9a0000 - 0x00007ffb7b9cf000 	C:\Windows\System32\IMM32.DLL
0x00007ffb765d0000 - 0x00007ffb765dc000 	C:\Program Files\Java\jdk-18.0.2.1\bin\vcruntime140_1.dll
0x00007ffb29210000 - 0x00007ffb2929d000 	C:\Program Files\Java\jdk-18.0.2.1\bin\msvcp140.dll
0x00007ffaf1170000 - 0x00007ffaf1d81000 	C:\Program Files\Java\jdk-18.0.2.1\bin\server\jvm.dll
0x00007ffb7a4f0000 - 0x00007ffb7a4f8000 	C:\Windows\System32\PSAPI.DLL
0x00007ffb75b90000 - 0x00007ffb75b99000 	C:\Windows\SYSTEM32\WSOCK32.dll
0x00007ffb7a480000 - 0x00007ffb7a4eb000 	C:\Windows\System32\WS2_32.dll
0x00007ffb579b0000 - 0x00007ffb579d7000 	C:\Windows\SYSTEM32\WINMM.dll
0x00007ffb76ef0000 - 0x00007ffb76f02000 	C:\Windows\SYSTEM32\kernel.appcore.dll
0x00007ffb6b680000 - 0x00007ffb6b68a000 	C:\Program Files\Java\jdk-18.0.2.1\bin\jimage.dll
0x00007ffb6e760000 - 0x00007ffb6e944000 	C:\Windows\SYSTEM32\DBGHELP.DLL
0x00007ffb6bb60000 - 0x00007ffb6bb94000 	C:\Windows\SYSTEM32\dbgcore.DLL
0x00007ffb79530000 - 0x00007ffb795b2000 	C:\Windows\System32\bcryptPrimitives.dll
0x00007ffb33550000 - 0x00007ffb33575000 	C:\Program Files\Java\jdk-18.0.2.1\bin\java.dll

dbghelp: loaded successfully - version: 4.0.5 - missing functions: none
symbol engine: initialized successfully - sym options: 0x614 - pdb path: .;C:\Program Files\Java\jdk-18.0.2.1\bin;C:\Windows\SYSTEM32;C:\Windows\WinSxS\amd64_microsoft.windows.common-controls_6595b64144ccf1df_6.0.19041.4355_none_60b8b9eb71f62e16;C:\Program Files\Java\jdk-18.0.2.1\bin\server

VM Arguments:
jvm_args: -DwatchParentProcess=false -XX:+ExitOnOutOfMemoryError -XX:+HeapDumpOnOutOfMemoryError -XX:HeapDumpPath=c:\Users\student.APROTRAIN-APTEC\AppData\Roaming\Code\User\globalStorage\redhat.vscode-xml -Xmx64M 
java_command: org.eclipse.lemminx.XMLServerLauncher
java_class_path (initial): c:\Users\student.APROTRAIN-APTEC\.vscode\extensions\redhat.vscode-xml-0.29.0-win32-x64\server\org.eclipse.lemminx-0.31.0-uber.jar
Launcher Type: SUN_STANDARD

[Global flags]
     intx CICompilerCount                          = 3                                         {product} {ergonomic}
     uint ConcGCThreads                            = 1                                         {product} {ergonomic}
     bool ExitOnOutOfMemoryError                   = true                                      {product} {command line}
     uint G1ConcRefinementThreads                  = 4                                         {product} {ergonomic}
   size_t G1HeapRegionSize                         = 1048576                                   {product} {ergonomic}
    uintx GCDrainStackTargetSize                   = 64                                        {product} {ergonomic}
     bool HeapDumpOnOutOfMemoryError               = true                                   {manageable} {command line}
    ccstr HeapDumpPath                             = c:\Users\student.APROTRAIN-APTEC\AppData\Roaming\Code\User\globalStorage\redhat.vscode-xml         {manageable} {command line}
   size_t InitialHeapSize                          = 67108864                                  {product} {ergonomic}
   size_t MarkStackSize                            = 4194304                                   {product} {ergonomic}
   size_t MaxHeapSize                              = 67108864                                  {product} {command line}
   size_t MinHeapDeltaBytes                        = 1048576                                   {product} {ergonomic}
   size_t MinHeapSize                              = 8388608                                   {product} {ergonomic}
    uintx NonNMethodCodeHeapSize                   = 5832780                                {pd product} {ergonomic}
    uintx NonProfiledCodeHeapSize                  = 122912730                              {pd product} {ergonomic}
    uintx ProfiledCodeHeapSize                     = 122912730                              {pd product} {ergonomic}
    uintx ReservedCodeCacheSize                    = 251658240                              {pd product} {ergonomic}
     bool SegmentedCodeCache                       = true                                      {product} {ergonomic}
   size_t SoftMaxHeapSize                          = 67108864                               {manageable} {ergonomic}
     bool UseCompressedClassPointers               = true                           {product lp64_product} {ergonomic}
     bool UseCompressedOops                        = true                           {product lp64_product} {ergonomic}
     bool UseG1GC                                  = true                                      {product} {ergonomic}
     bool UseLargePagesIndividualAllocation        = false                                  {pd product} {ergonomic}

Logging:
Log output configuration:
 #0: stdout all=warning uptime,level,tags foldmultilines=false
 #1: stderr all=off uptime,level,tags foldmultilines=false

Environment Variables:
PATH=C:\Users\student.APROTRAIN-APTEC\AppData\Local\Programs\Microsoft VS Code;C:\Program Files\Common Files\Oracle\Java\javapath;C:\Program Files (x86)\Common Files\Oracle\Java\java8path;C:\Program Files (x86)\Common Files\Oracle\Java\javapath;C:\Windows\system32;C:\Windows;C:\Windows\System32\Wbem;C:\Windows\System32\WindowsPowerShell\v1.0\;C:\Windows\System32\OpenSSH\;C:\Program Files\Microsoft VS Code\bin;C:\mingw64\bin;C:\xampp\php;C:\composer;C:\Program Files (x86)\Microsoft SQL Server\160\Tools\Binn\;C:\Program Files\Microsoft SQL Server\160\Tools\Binn\;C:\Program Files\Microsoft SQL Server\Client SDK\ODBC\170\Tools\Binn\;C:\Program Files\Microsoft SQL Server\160\DTS\Binn\;C:\Program Files (x86)\Microsoft SQL Server\160\DTS\Binn\;C:\Program Files\Microsoft SQL Server\150\Tools\Binn\;C:\Program Files\dotnet\;C:\wildfly-20.0.0.Final\bin;C:\Users\hieu.tm\AppData\Roaming\nvm;C:\Program Files\nodejs;C:\flutter\bin;C:\Program Files\nodejs\;C:\dart-sdk\bin;C:\Program Files\Microsoft SQL Server\170\Tools\Binn\;C:\Program Files (x86)\Microsoft SQL Server\150\Tools\Binn\;C:\Program Files\Microsoft SQL Server\150\DTS\Binn\;C:\Users\student.APROTRAIN-APTEC\AppData\Local\Programs\Python\Python313\Scripts\;C:\Users\student.APROTRAIN-APTEC\AppData\Local\Programs\Python\Python313\;C:\Users\student.APROTRAIN-APTEC\AppData\Local\Programs\Python\Launcher\;C:\Users\student.APROTRAIN-APTEC\AppData\Local\Microsoft\WindowsApps;C:\Users\student.APROTRAIN-APTEC\AppData\Local\Programs\mongosh\;C:\Users\student.APROTRAIN-APTEC\AppData\Local\Programs\cursor\resources\app\bin;C:\Users\student.APROTRAIN-APTEC\AppData\Roaming\npm;C:\Users\student.APROTRAIN-APTEC\.dotnet\tools;C:\Users\student.APROTRAIN-APTEC\AppData\Local\Programs\Microsoft VS Code\bin;C:\Users\student.APROTRAIN-APTEC\AppData\Local\Programs\Git\cmd
USERNAME=student
OS=Windows_NT
PROCESSOR_IDENTIFIER=Intel64 Family 6 Model 158 Stepping 11, GenuineIntel



---------------  S Y S T E M  ---------------

OS:
 Windows 10 , 64 bit Build 19041 (10.0.19041.5678)
OS uptime: 90 days 14:39 hours

CPU: total 4 (initial active 4) (4 cores per cpu, 1 threads per core) family 6 model 158 stepping 11 microcode 0xb4, cx8, cmov, fxsr, mmx, 3dnowpref, sse, sse2, sse3, ssse3, sse4.1, sse4.2, popcnt, lzcnt, tsc, tscinvbit, avx, avx2, aes, erms, clmul, bmi1, bmi2, adx, fma, vzeroupper, clflush, clflushopt

Memory: 4k page, system-wide physical 8062M (857M free)
TotalPageFile size 12305M (AvailPageFile size 5M)
current process WorkingSet (physical memory assigned to process): 11M, peak: 11M
current process commit charge ("private bytes"): 51M, peak: 115M

vm_info: Java HotSpot(TM) 64-Bit Server VM (18.0.2.1+1-1) for windows-amd64 JRE (18.0.2.1+1-1), built on Aug 16 2022 01:46:33 by "mach5one" with MS VC++ 16.8 / 16.9 (VS2019)

END.
